
=== Iniciando Confiraspa ===
[2026-03-16 13:14:46] [INFO] [install.sh] Repositorio:  /mnt/Datos/Documentos/Repos/confiraspa V2
[2026-03-16 13:14:46] [INFO] [install.sh] IP detectada: 192.168.1.147
[2026-03-16 13:14:46] [INFO] [install.sh] Modo dry-run: true
[2026-03-16 13:14:46] [INFO] [install.sh] Log de sesión: /mnt/Datos/Documentos/Repos/confiraspa V2/logs/install_20260316_131446.log
--- Etapa: 00-update ---
[2026-03-16 13:14:46] [INFO] [install.sh] Script: scripts/00-system/00-update.sh
--- Actualización del Sistema y Parches de Seguridad ---
[2026-03-16 13:14:47] [INFO] [00-update.sh] Actualizando repositorios y paquetes del sistema...
[2026-03-16 13:14:47] [INFO] [utils.sh] Actualizando lista de paquetes
[2026-03-16 13:14:47] [INFO] [utils.sh] Aplicando actualizaciones pendientes
[2026-03-16 13:14:47] [INFO] [utils.sh] Aplicando actualizaciones de distribución
[2026-03-16 13:14:47] [INFO] [utils.sh] Eliminando dependencias huérfanas
[2026-03-16 13:14:47] [INFO] [utils.sh] Limpiando caché de apt
[2026-03-16 13:14:47] [INFO] [00-update.sh] Configurando actualizaciones automáticas de seguridad...
[2026-03-16 13:14:47] [INFO] [utils.sh] Actualizando índices de APT (Lazy Update)...
[2026-03-16 13:14:47] [INFO] [utils.sh] Ejecutando: apt-get update -qq
[2026-03-16 13:14:47] [INFO] [utils.sh] Instalando dependencia: apt-listchanges...
[2026-03-16 13:14:47] [INFO] [utils.sh] Instalación de apt-listchanges
[2026-03-16 13:14:47] [INFO] [00-update.sh] Generando configuración en: /etc/apt/apt.conf.d/52confiraspa-unattended
[2026-03-16 13:14:47] [INFO] [utils.sh] Ejecutando: tee /etc/apt/apt.conf.d/52confiraspa-unattended
[2026-03-16 13:14:47] [INFO] [00-update.sh] Configurando frecuencia diaria en: /etc/apt/apt.conf.d/20auto-upgrades
[2026-03-16 13:14:47] [INFO] [utils.sh] Ejecutando: tee /etc/apt/apt.conf.d/20auto-upgrades
[2026-03-16 13:14:47] [INFO] [00-update.sh] Verificando configuración de unattended-upgrades...
[2026-03-16 13:14:47] [INFO] [utils.sh] Test de configuración unattended-upgrades
[2026-03-16 13:14:47] [WARN] [utils.sh] [DRY-RUN] Validación omitida (archivo no escrito): unattended-upgrade --dry-run --debug
[2026-03-16 13:14:47] [OK] [00-update.sh] Sistema actualizado y actualizaciones automáticas configuradas.
[2026-03-16 13:14:47] [OK] [install.sh] Etapa '00-update' completada.
--- Etapa: 10-users ---
[2026-03-16 13:14:47] [INFO] [install.sh] Script: scripts/00-system/10-users.sh
--- Configuración de Usuarios y Grupos ---
[2026-03-16 13:14:47] [INFO] [10-users.sh] Creando grupo compartido: media
[2026-03-16 13:14:47] [INFO] [utils.sh] Ejecutando: groupadd media
[2026-03-16 13:14:47] [INFO] [10-users.sh] Creando usuario del sistema: pi
[2026-03-16 13:14:47] [INFO] [utils.sh] Ejecutando: useradd -m -s /bin/bash -G sudo,video,users pi
[2026-03-16 13:14:47] [INFO] [10-users.sh] Actualizando contraseña para pi...
[2026-03-16 13:14:47] [INFO] [utils.sh] Aplicando contraseña
[2026-03-16 13:14:47] [INFO] [10-users.sh] Añadiendo 'pi' a grupos necesarios...
[2026-03-16 13:14:47] [INFO] [utils.sh] Añadiendo a grupo: sudo
[2026-03-16 13:14:47] [INFO] [utils.sh] Añadiendo a grupo: video
[2026-03-16 13:14:47] [INFO] [utils.sh] Añadiendo a grupo: users
[2026-03-16 13:14:47] [WARN] [10-users.sh] El grupo 'media' no existe en el sistema. Omitiendo.
[2026-03-16 13:14:47] [OK] [10-users.sh] Configuración de usuarios finalizada.
[2026-03-16 13:14:47] [INFO] [10-users.sh] NOTA: Si has cambiado tus propios grupos, necesitarás cerrar sesión y volver a entrar.
[2026-03-16 13:14:47] [OK] [install.sh] Etapa '10-users' completada.
--- Etapa: 20-storage ---
[2026-03-16 13:14:47] [INFO] [install.sh] Script: scripts/00-system/20-storage.sh
--- Configuración de Almacenamiento y Permisos ---
[2026-03-16 13:14:47] [INFO] [utils.sh] Creando backup de fstab
[2026-03-16 13:14:47] [INFO] [20-storage.sh] Leyendo configuración de discos...
[2026-03-16 13:14:47] [INFO] [20-storage.sh] Procesando disco: WDElements (13a9b327-da1c-4b7a-8eeb-bdd3993bad7d)
[2026-03-16 13:14:47] [INFO] [utils.sh] Creando punto de montaje /media/WDElements
[2026-03-16 13:14:47] [INFO] [20-storage.sh]   -> Añadiendo entrada a fstab...
[2026-03-16 13:14:47] [INFO] [utils.sh] Ejecutando: tee -a /etc/fstab
[2026-03-16 13:14:47] [INFO] [20-storage.sh] Procesando disco: DiscoDuro (1601eb8d-43d1-4ee4-974e-82466c4c945b)
[2026-03-16 13:14:48] [INFO] [20-storage.sh]   -> Añadiendo entrada a fstab...
[2026-03-16 13:14:48] [INFO] [utils.sh] Ejecutando: tee -a /etc/fstab
[2026-03-16 13:14:48] [INFO] [20-storage.sh] Procesando disco: Backup (78304c4a-7a44-470a-872e-0eeef941b35c)
[2026-03-16 13:14:48] [INFO] [20-storage.sh]   -> Añadiendo entrada a fstab...
[2026-03-16 13:14:48] [INFO] [utils.sh] Ejecutando: tee -a /etc/fstab
[2026-03-16 13:14:48] [INFO] [20-storage.sh] Recargando sistema de archivos...
[2026-03-16 13:14:48] [INFO] [utils.sh] Ejecutando: systemctl daemon-reload
[2026-03-16 13:14:48] [INFO] [utils.sh] Ejecutando: mount -a
--- Estandarización de Permisos (media:media) ---
[2026-03-16 13:14:48] [INFO] [utils.sh] Creando grupo media
[2026-03-16 13:14:48] [INFO] [utils.sh] Creando usuario sistema media
[2026-03-16 13:14:48] [INFO] [20-storage.sh] Creando directorio faltante: /media/WDElements/Series
[2026-03-16 13:14:48] [INFO] [utils.sh] Ejecutando: mkdir -p /media/WDElements/Series
[2026-03-16 13:14:48] [INFO] [20-storage.sh] Corrigiendo permisos en: /media/WDElements/Series
[2026-03-16 13:14:48] [INFO] [utils.sh] Ejecutando: chown -R media:media /media/WDElements/Series
[2026-03-16 13:14:48] [INFO] [utils.sh] Ejecutando: chmod -R 775 /media/WDElements/Series
[2026-03-16 13:14:48] [INFO] [20-storage.sh] Creando directorio faltante: /media/WDElements/Peliculas
[2026-03-16 13:14:48] [INFO] [utils.sh] Ejecutando: mkdir -p /media/WDElements/Peliculas
[2026-03-16 13:14:48] [INFO] [20-storage.sh] Corrigiendo permisos en: /media/WDElements/Peliculas
[2026-03-16 13:14:48] [INFO] [utils.sh] Ejecutando: chown -R media:media /media/WDElements/Peliculas
[2026-03-16 13:14:48] [INFO] [utils.sh] Ejecutando: chmod -R 775 /media/WDElements/Peliculas
[2026-03-16 13:14:48] [INFO] [20-storage.sh] Creando directorio faltante: /media/WDElements/Musica
[2026-03-16 13:14:48] [INFO] [utils.sh] Ejecutando: mkdir -p /media/WDElements/Musica
[2026-03-16 13:14:48] [INFO] [20-storage.sh] Corrigiendo permisos en: /media/WDElements/Musica
[2026-03-16 13:14:48] [INFO] [utils.sh] Ejecutando: chown -R media:media /media/WDElements/Musica
[2026-03-16 13:14:48] [INFO] [utils.sh] Ejecutando: chmod -R 775 /media/WDElements/Musica
[2026-03-16 13:14:48] [INFO] [20-storage.sh] Creando directorio faltante: /media/WDElements/Libros
[2026-03-16 13:14:48] [INFO] [utils.sh] Ejecutando: mkdir -p /media/WDElements/Libros
[2026-03-16 13:14:48] [INFO] [20-storage.sh] Corrigiendo permisos en: /media/WDElements/Libros
[2026-03-16 13:14:48] [INFO] [utils.sh] Ejecutando: chown -R media:media /media/WDElements/Libros
[2026-03-16 13:14:48] [INFO] [utils.sh] Ejecutando: chmod -R 775 /media/WDElements/Libros
[2026-03-16 13:14:48] [INFO] [20-storage.sh] Corrigiendo permisos en: /media/DiscoDuro/completo
[2026-03-16 13:14:48] [INFO] [utils.sh] Ejecutando: chown -R media:media /media/DiscoDuro/completo
[2026-03-16 13:14:48] [INFO] [utils.sh] Ejecutando: chmod -R 775 /media/DiscoDuro/completo
[2026-03-16 13:14:48] [OK] [20-storage.sh] Discos montados y estructura de carpetas configurada correctamente.
[2026-03-16 13:14:48] [OK] [install.sh] Etapa '20-storage' completada.
[2026-03-16 13:14:48] [WARN] [install.sh] Script opcional ausente, se omite: scripts/10-network/00-static-ip.sh
--- Etapa: firewall ---
[2026-03-16 13:14:48] [INFO] [install.sh] Script: scripts/10-network/firewall.sh
[2026-03-16 13:14:48] [INFO] [firewall.sh] Subred detectada: 192.168.1.147/24
--- Hardening de Red (Firewall UFW) ---
[2026-03-16 13:14:48] [INFO] [firewall.sh] Estado previo: Reseteando reglas...
[2026-03-16 13:14:48] [INFO] [utils.sh] Ejecutando: ufw --force reset > /dev/null
[2026-03-16 13:14:48] [INFO] [firewall.sh] Política base: Cerrar todo, permitir salida.
[2026-03-16 13:14:48] [INFO] [utils.sh] Ejecutando: ufw default deny incoming
[2026-03-16 13:14:48] [INFO] [utils.sh] Ejecutando: ufw default allow outgoing
 -> Zona de Administración (SSH)
[2026-03-16 13:14:48] [INFO] [firewall.sh] Configurando SSH en puerto 22 (Restringido a LAN)...
[2026-03-16 13:14:48] [INFO] [utils.sh] Ejecutando: ufw allow from 192.168.1.147/24 to any port 22 proto tcp comment 'SSH Admin (LAN)'
[2026-03-16 13:14:48] [INFO] [utils.sh] Ejecutando: ufw allow from 10.0.0.0/8 to any port 22 proto tcp comment 'SSH Admin (LAN)'
[2026-03-16 13:14:48] [INFO] [utils.sh] Ejecutando: ufw allow from 100.64.0.0/10 to any port 22 proto tcp comment 'SSH Admin (LAN)'
 -> Zona Pública (P2P y Streaming)
[2026-03-16 13:14:48] [INFO] [firewall.sh] Configurando P2P (Transmission Peers)...
[2026-03-16 13:14:48] [INFO] [utils.sh] Ejecutando: ufw allow 51413/tcp comment 'Torrent Peer TCP'
[2026-03-16 13:14:48] [INFO] [utils.sh] Ejecutando: ufw allow 51413/udp comment 'Torrent Peer UDP'
[2026-03-16 13:14:48] [INFO] [firewall.sh] Configurando Plex Streaming...
[2026-03-16 13:14:48] [INFO] [utils.sh] Ejecutando: ufw allow 32400/tcp comment 'Plex Main'
[2026-03-16 13:14:48] [INFO] [firewall.sh] Configurando aMule...
[2026-03-16 13:14:48] [INFO] [utils.sh] Ejecutando: ufw allow 4662/tcp comment 'eD2k TCP (Global)'
[2026-03-16 13:14:48] [INFO] [utils.sh] Ejecutando: ufw allow 4672/udp comment 'Kademlia UDP (Global)'
 -> Zona Privada (Solo LAN/VPN)
[2026-03-16 13:14:48] [INFO] [firewall.sh]   -> Configurando 10000/tcp para LAN (Webmin Admin)...
[2026-03-16 13:14:48] [INFO] [utils.sh] Ejecutando: ufw allow from 192.168.1.147/24 to any port 10000 proto tcp comment 'Webmin Admin (LAN)'
[2026-03-16 13:14:48] [INFO] [utils.sh] Ejecutando: ufw allow from 10.0.0.0/8 to any port 10000 proto tcp comment 'Webmin Admin (LAN)'
[2026-03-16 13:14:48] [INFO] [utils.sh] Ejecutando: ufw allow from 100.64.0.0/10 to any port 10000 proto tcp comment 'Webmin Admin (LAN)'
[2026-03-16 13:14:48] [INFO] [firewall.sh]   -> Configurando Samba y Rsync (LAN)...
[2026-03-16 13:14:48] [INFO] [utils.sh] Ejecutando: ufw allow from 192.168.1.147/24 to any port 137,138 proto udp comment 'Samba UDP (LAN)'
[2026-03-16 13:14:48] [INFO] [utils.sh] Ejecutando: ufw allow from 192.168.1.147/24 to any port 139,445 proto tcp comment 'Samba TCP (LAN)'
[2026-03-16 13:14:48] [INFO] [utils.sh] Ejecutando: ufw allow from 192.168.1.147/24 to any port 873 proto tcp comment 'Rsync Backup (LAN)'
[2026-03-16 13:14:48] [INFO] [utils.sh] Ejecutando: ufw allow from 10.0.0.0/8 to any port 137,138 proto udp comment 'Samba UDP (LAN)'
[2026-03-16 13:14:48] [INFO] [utils.sh] Ejecutando: ufw allow from 10.0.0.0/8 to any port 139,445 proto tcp comment 'Samba TCP (LAN)'
[2026-03-16 13:14:48] [INFO] [utils.sh] Ejecutando: ufw allow from 10.0.0.0/8 to any port 873 proto tcp comment 'Rsync Backup (LAN)'
[2026-03-16 13:14:48] [INFO] [utils.sh] Ejecutando: ufw allow from 100.64.0.0/10 to any port 137,138 proto udp comment 'Samba UDP (LAN)'
[2026-03-16 13:14:48] [INFO] [utils.sh] Ejecutando: ufw allow from 100.64.0.0/10 to any port 139,445 proto tcp comment 'Samba TCP (LAN)'
[2026-03-16 13:14:48] [INFO] [utils.sh] Ejecutando: ufw allow from 100.64.0.0/10 to any port 873 proto tcp comment 'Rsync Backup (LAN)'
[2026-03-16 13:14:48] [INFO] [firewall.sh]   -> Configurando 9091/tcp para LAN (Transmission Web UI)...
[2026-03-16 13:14:48] [INFO] [utils.sh] Ejecutando: ufw allow from 192.168.1.147/24 to any port 9091 proto tcp comment 'Transmission Web UI (LAN)'
[2026-03-16 13:14:48] [INFO] [utils.sh] Ejecutando: ufw allow from 10.0.0.0/8 to any port 9091 proto tcp comment 'Transmission Web UI (LAN)'
[2026-03-16 13:14:48] [INFO] [utils.sh] Ejecutando: ufw allow from 100.64.0.0/10 to any port 9091 proto tcp comment 'Transmission Web UI (LAN)'
[2026-03-16 13:14:48] [INFO] [firewall.sh]   -> Configurando 4711/tcp para LAN (aMule Web UI)...
[2026-03-16 13:14:48] [INFO] [utils.sh] Ejecutando: ufw allow from 192.168.1.147/24 to any port 4711 proto tcp comment 'aMule Web UI (LAN)'
[2026-03-16 13:14:48] [INFO] [utils.sh] Ejecutando: ufw allow from 10.0.0.0/8 to any port 4711 proto tcp comment 'aMule Web UI (LAN)'
[2026-03-16 13:14:48] [INFO] [utils.sh] Ejecutando: ufw allow from 100.64.0.0/10 to any port 4711 proto tcp comment 'aMule Web UI (LAN)'
[2026-03-16 13:14:48] [INFO] [firewall.sh]   -> Configurando 6767/tcp para LAN (Bazarr UI)...
[2026-03-16 13:14:48] [INFO] [utils.sh] Ejecutando: ufw allow from 192.168.1.147/24 to any port 6767 proto tcp comment 'Bazarr UI (LAN)'
[2026-03-16 13:14:48] [INFO] [utils.sh] Ejecutando: ufw allow from 10.0.0.0/8 to any port 6767 proto tcp comment 'Bazarr UI (LAN)'
[2026-03-16 13:14:49] [INFO] [utils.sh] Ejecutando: ufw allow from 100.64.0.0/10 to any port 6767 proto tcp comment 'Bazarr UI (LAN)'
[2026-03-16 13:14:49] [INFO] [firewall.sh]   -> Configurando 8080/tcp para LAN (Calibre Server)...
[2026-03-16 13:14:49] [INFO] [utils.sh] Ejecutando: ufw allow from 192.168.1.147/24 to any port 8080 proto tcp comment 'Calibre Server (LAN)'
[2026-03-16 13:14:49] [INFO] [utils.sh] Ejecutando: ufw allow from 10.0.0.0/8 to any port 8080 proto tcp comment 'Calibre Server (LAN)'
[2026-03-16 13:14:49] [INFO] [utils.sh] Ejecutando: ufw allow from 100.64.0.0/10 to any port 8080 proto tcp comment 'Calibre Server (LAN)'
[2026-03-16 13:14:49] [INFO] [firewall.sh]   -> Configurando 8989/tcp para LAN (Sonarr)...
[2026-03-16 13:14:49] [INFO] [utils.sh] Ejecutando: ufw allow from 192.168.1.147/24 to any port 8989 proto tcp comment 'Sonarr (LAN)'
[2026-03-16 13:14:49] [INFO] [utils.sh] Ejecutando: ufw allow from 10.0.0.0/8 to any port 8989 proto tcp comment 'Sonarr (LAN)'
[2026-03-16 13:14:49] [INFO] [utils.sh] Ejecutando: ufw allow from 100.64.0.0/10 to any port 8989 proto tcp comment 'Sonarr (LAN)'
[2026-03-16 13:14:49] [INFO] [firewall.sh]   -> Configurando 7878/tcp para LAN (Radarr)...
[2026-03-16 13:14:49] [INFO] [utils.sh] Ejecutando: ufw allow from 192.168.1.147/24 to any port 7878 proto tcp comment 'Radarr (LAN)'
[2026-03-16 13:14:49] [INFO] [utils.sh] Ejecutando: ufw allow from 10.0.0.0/8 to any port 7878 proto tcp comment 'Radarr (LAN)'
[2026-03-16 13:14:49] [INFO] [utils.sh] Ejecutando: ufw allow from 100.64.0.0/10 to any port 7878 proto tcp comment 'Radarr (LAN)'
[2026-03-16 13:14:49] [INFO] [firewall.sh]   -> Configurando 8686/tcp para LAN (Lidarr)...
[2026-03-16 13:14:49] [INFO] [utils.sh] Ejecutando: ufw allow from 192.168.1.147/24 to any port 8686 proto tcp comment 'Lidarr (LAN)'
[2026-03-16 13:14:49] [INFO] [utils.sh] Ejecutando: ufw allow from 10.0.0.0/8 to any port 8686 proto tcp comment 'Lidarr (LAN)'
[2026-03-16 13:14:49] [INFO] [utils.sh] Ejecutando: ufw allow from 100.64.0.0/10 to any port 8686 proto tcp comment 'Lidarr (LAN)'
[2026-03-16 13:14:49] [INFO] [firewall.sh]   -> Configurando 8787/tcp para LAN (Readarr)...
[2026-03-16 13:14:49] [INFO] [utils.sh] Ejecutando: ufw allow from 192.168.1.147/24 to any port 8787 proto tcp comment 'Readarr (LAN)'
[2026-03-16 13:14:49] [INFO] [utils.sh] Ejecutando: ufw allow from 10.0.0.0/8 to any port 8787 proto tcp comment 'Readarr (LAN)'
[2026-03-16 13:14:49] [INFO] [utils.sh] Ejecutando: ufw allow from 100.64.0.0/10 to any port 8787 proto tcp comment 'Readarr (LAN)'
[2026-03-16 13:14:49] [INFO] [firewall.sh]   -> Configurando 9696/tcp para LAN (Prowlarr)...
[2026-03-16 13:14:49] [INFO] [utils.sh] Ejecutando: ufw allow from 192.168.1.147/24 to any port 9696 proto tcp comment 'Prowlarr (LAN)'
[2026-03-16 13:14:49] [INFO] [utils.sh] Ejecutando: ufw allow from 10.0.0.0/8 to any port 9696 proto tcp comment 'Prowlarr (LAN)'
[2026-03-16 13:14:49] [INFO] [utils.sh] Ejecutando: ufw allow from 100.64.0.0/10 to any port 9696 proto tcp comment 'Prowlarr (LAN)'
[2026-03-16 13:14:49] [INFO] [firewall.sh]   -> Configurando 6969/tcp para LAN (Whisparr)...
[2026-03-16 13:14:49] [INFO] [utils.sh] Ejecutando: ufw allow from 192.168.1.147/24 to any port 6969 proto tcp comment 'Whisparr (LAN)'
[2026-03-16 13:14:49] [INFO] [utils.sh] Ejecutando: ufw allow from 10.0.0.0/8 to any port 6969 proto tcp comment 'Whisparr (LAN)'
[2026-03-16 13:14:49] [INFO] [utils.sh] Ejecutando: ufw allow from 100.64.0.0/10 to any port 6969 proto tcp comment 'Whisparr (LAN)'
[2026-03-16 13:14:49] [INFO] [firewall.sh]   -> Configurando 3389/tcp para LAN (XRDP)...
[2026-03-16 13:14:49] [INFO] [utils.sh] Ejecutando: ufw allow from 192.168.1.147/24 to any port 3389 proto tcp comment 'XRDP (LAN)'
[2026-03-16 13:14:49] [INFO] [utils.sh] Ejecutando: ufw allow from 10.0.0.0/8 to any port 3389 proto tcp comment 'XRDP (LAN)'
[2026-03-16 13:14:49] [INFO] [utils.sh] Ejecutando: ufw allow from 100.64.0.0/10 to any port 3389 proto tcp comment 'XRDP (LAN)'
[2026-03-16 13:14:49] [INFO] [firewall.sh]   -> Configurando 5900/tcp para LAN (VNC)...
[2026-03-16 13:14:49] [INFO] [utils.sh] Ejecutando: ufw allow from 192.168.1.147/24 to any port 5900 proto tcp comment 'VNC (LAN)'
[2026-03-16 13:14:49] [INFO] [utils.sh] Ejecutando: ufw allow from 10.0.0.0/8 to any port 5900 proto tcp comment 'VNC (LAN)'
[2026-03-16 13:14:49] [INFO] [utils.sh] Ejecutando: ufw allow from 100.64.0.0/10 to any port 5900 proto tcp comment 'VNC (LAN)'
 -> Activación
[2026-03-16 13:14:49] [INFO] [utils.sh] Ejecutando: ufw logging low
[2026-03-16 13:14:49] [WARN] [firewall.sh] IMPORTANTE: Si estás conectado por SSH desde fuera de tu red local, esta acción cortará la conexión.
[2026-03-16 13:14:49] [INFO] [firewall.sh] Activando firewall...
[2026-03-16 13:14:49] [INFO] [utils.sh] Ejecutando: ufw --force enable
[2026-03-16 13:14:49] [INFO] [utils.sh] Ejecutando: ufw reload
[2026-03-16 13:14:49] [OK] [firewall.sh] Firewall 'LAN-Hardened' activo.
[2026-03-16 13:14:49] [INFO] [utils.sh] Ejecutando: ufw status numbered
[2026-03-16 13:14:49] [OK] [install.sh] Etapa 'firewall' completada.
--- Etapa: 10-xrdp ---
[2026-03-16 13:14:49] [INFO] [install.sh] Script: scripts/10-network/10-xrdp.sh
--- Configuración de Acceso Remoto (XRDP) ---
[2026-03-16 13:14:49] [WARN] [utils.sh] [DRY-RUN] Health check omitido para servicio 'xrdp'.
[2026-03-16 13:14:49] [OK] [10-xrdp.sh] XRDP ya está instalado y ejecutándose.
[2026-03-16 13:14:49] [OK] [install.sh] Etapa '10-xrdp' completada.
--- Etapa: 20-vnc ---
[2026-03-16 13:14:49] [INFO] [install.sh] Script: scripts/10-network/20-vnc.sh
--- Configuración de VNC (RealVNC) ---
[2026-03-16 13:14:49] [WARN] [20-vnc.sh] [DRY-RUN] Entorno no-RPi detectado. Simulando archivo de configuración.
[2026-03-16 13:14:49] [INFO] [20-vnc.sh] Archivo de configuración detectado: /tmp/config.txt.sim
[2026-03-16 13:14:49] [INFO] [utils.sh] Actualizando índices de APT (Lazy Update)...
[2026-03-16 13:14:49] [INFO] [utils.sh] Ejecutando: apt-get update -qq
[2026-03-16 13:14:49] [INFO] [utils.sh] Instalando dependencia: realvnc-vnc-server...
[2026-03-16 13:14:49] [INFO] [utils.sh] Instalación de realvnc-vnc-server
[2026-03-16 13:14:49] [INFO] [20-vnc.sh] Configurando resolución forzada (720p) para modo sin monitor...
[2026-03-16 13:14:49] [INFO] [utils.sh] Creando backup de config.txt
[2026-03-16 13:14:49] [INFO] [20-vnc.sh] Añadiendo hdmi_force_hotplug=1
[2026-03-16 13:14:49] [INFO] [utils.sh] Ejecutando: tee -a /tmp/config.txt.sim
[2026-03-16 13:14:49] [INFO] [20-vnc.sh] Añadiendo hdmi_group=2
[2026-03-16 13:14:49] [INFO] [utils.sh] Ejecutando: tee -a /tmp/config.txt.sim
[2026-03-16 13:14:49] [INFO] [20-vnc.sh] Añadiendo hdmi_mode=85
[2026-03-16 13:14:49] [INFO] [utils.sh] Ejecutando: tee -a /tmp/config.txt.sim
[2026-03-16 13:14:49] [INFO] [20-vnc.sh] Gestionando servicio VNC...
[2026-03-16 13:14:49] [WARN] [utils.sh] [DRY-RUN] Health check omitido para servicio 'vncserver-x11-serviced.service'.
[2026-03-16 13:14:49] [OK] [20-vnc.sh] El servicio VNC ya está corriendo.
[2026-03-16 13:14:49] [OK] [20-vnc.sh] VNC Configurado.
[2026-03-16 13:14:49] [INFO] [20-vnc.sh] Resolución forzada: 1280x720 (Requiere reinicio para aplicar cambios de vídeo).
[2026-03-16 13:14:49] [INFO] [20-vnc.sh] Conéctate a: 192.168.1.147:5900
[2026-03-16 13:14:49] [OK] [install.sh] Etapa '20-vnc' completada.
--- Etapa: samba ---
[2026-03-16 13:14:49] [INFO] [install.sh] Script: scripts/30-services/samba.sh
--- Configuración de Servidor NAS (Samba) ---
[2026-03-16 13:14:49] [INFO] [utils.sh] Actualizando índices de APT (Lazy Update)...
[2026-03-16 13:14:49] [INFO] [utils.sh] Ejecutando: apt-get update -qq
[2026-03-16 13:14:49] [INFO] [utils.sh] Instalando dependencia: samba...
[2026-03-16 13:14:49] [INFO] [utils.sh] Instalación de samba
[2026-03-16 13:14:50] [INFO] [utils.sh] Instalando dependencia: samba-common-bin...
[2026-03-16 13:14:50] [INFO] [utils.sh] Instalación de samba-common-bin
[2026-03-16 13:14:50] [INFO] [samba.sh] Generando configuración NAS...
[2026-03-16 13:14:50] [INFO] [utils.sh] Ejecutando: tee /etc/samba/smb.conf
[2026-03-16 13:14:50] [INFO] [utils.sh] Verificando smb.conf
[2026-03-16 13:14:50] [WARN] [utils.sh] [DRY-RUN] Validación omitida (archivo no escrito): testparm -s /etc/samba/smb.conf
[2026-03-16 13:14:50] [INFO] [samba.sh] Actualizando usuario Samba: pi
[2026-03-16 13:14:50] [WARN] [samba.sh] [DRY-RUN] Usuario 'pi' no existe en este entorno (normal en simulación).
[2026-03-16 13:14:50] [INFO] [utils.sh] Set Password
[2026-03-16 13:14:50] [INFO] [utils.sh] Enable User
[2026-03-16 13:14:50] [INFO] [samba.sh] Reiniciando Samba...
[2026-03-16 13:14:50] [INFO] [utils.sh] Ejecutando: systemctl restart smbd nmbd
[2026-03-16 13:14:50] [WARN] [utils.sh] [DRY-RUN] Health check omitido para servicio 'smbd'.
[2026-03-16 13:14:50] [OK] [samba.sh] NAS Operativo.
[2026-03-16 13:14:50] [INFO] [samba.sh] Recursos compartidos:
[2026-03-16 13:14:50] [INFO] [samba.sh]   - \\192.168.1.147\WDElements
[2026-03-16 13:14:50] [INFO] [samba.sh]   - \\192.168.1.147\Backup
[2026-03-16 13:14:50] [INFO] [samba.sh]   - \\192.168.1.147\Descargas
[2026-03-16 13:14:50] [OK] [install.sh] Etapa 'samba' completada.
--- Etapa: rclone ---
[2026-03-16 13:14:50] [INFO] [install.sh] Script: scripts/30-services/rclone.sh
--- Instalación de Herramienta Cloud (Rclone) ---
[2026-03-16 13:14:50] [INFO] [rclone.sh] Configurando soporte FUSE (File System in User Space)...
[2026-03-16 13:14:50] [INFO] [rclone.sh] Habilitando 'user_allow_other' (descomentando)...
[2026-03-16 13:14:50] [INFO] [utils.sh] Ejecutando: sed -i 's/^#user_allow_other/user_allow_other/' /etc/fuse.conf
[2026-03-16 13:14:50] [INFO] [rclone.sh] Descargando instalador oficial...
[2026-03-16 13:14:50] [INFO] [utils.sh] Descarga completada
[2026-03-16 13:14:50] [INFO] [utils.sh] Instalando binarios Rclone
[2026-03-16 13:14:50] [INFO] [rclone.sh] No hay backup de configuración para restaurar.
[2026-03-16 13:14:50] [OK] [rclone.sh] [DRY-RUN] Simulación de instalación de Rclone completada.
[2026-03-16 13:14:50] [INFO] [rclone.sh] Saltando validación de remotos configurados (archivo no escrito).
[2026-03-16 13:14:50] [OK] [install.sh] Etapa 'rclone' completada.
--- Etapa: rsync ---
[2026-03-16 13:14:50] [INFO] [install.sh] Script: scripts/30-services/rsync.sh
--- Configuración de Sincronización (Rsync Server) ---
[2026-03-16 13:14:50] [INFO] [rsync.sh] Habilitando arranque en /etc/default/rsync...
[2026-03-16 13:14:50] [INFO] [utils.sh] Ejecutando: sed -i 's/^RSYNC_ENABLE=false/RSYNC_ENABLE=true/' /etc/default/rsync
[2026-03-16 13:14:50] [INFO] [utils.sh] Ejecutando: sed -i 's/^#RSYNC_ENABLE=true/RSYNC_ENABLE=true/' /etc/default/rsync
[2026-03-16 13:14:50] [INFO] [rsync.sh] Desplegando configuración...
[2026-03-16 13:14:50] [INFO] [utils.sh] Ejecutando: tee /etc/rsyncd.conf
[2026-03-16 13:14:50] [INFO] [utils.sh] Ejecutando: chmod 644 /etc/rsyncd.conf
[2026-03-16 13:14:50] [INFO] [rsync.sh] Reiniciando servicio...
[2026-03-16 13:14:50] [INFO] [utils.sh] Ejecutando: systemctl daemon-reload
[2026-03-16 13:14:50] [WARN] [utils.sh] [DRY-RUN] Health check omitido para servicio 'rsync'.
[2026-03-16 13:14:50] [INFO] [utils.sh] Ejecutando: systemctl restart rsync
[2026-03-16 13:14:50] [WARN] [utils.sh] [DRY-RUN] Health check omitido para servicio 'rsync'.
[2026-03-16 13:14:50] [OK] [rsync.sh] Servidor Rsync operativo.
[2026-03-16 13:14:50] [INFO] [rsync.sh] ---------------------------------------------------
[2026-03-16 13:14:50] [INFO] [rsync.sh] Endpoint:   rsync://192.168.1.147/
[2026-03-16 13:14:50] [INFO] [rsync.sh] Módulos:    [Backup] (RW), [Descargas] (RO)
[2026-03-16 13:14:50] [INFO] [rsync.sh] Permisos:   Usuario 'media', Grupo 'media'
[2026-03-16 13:14:50] [INFO] [rsync.sh] ---------------------------------------------------
[2026-03-16 13:14:50] [OK] [install.sh] Etapa 'rsync' completada.
--- Etapa: transmission ---
[2026-03-16 13:14:50] [INFO] [install.sh] Script: scripts/30-services/transmission.sh
--- Configuración de Gestor de Descargas (Transmission) ---
[2026-03-16 13:14:50] [INFO] [utils.sh] Actualizando índices de APT (Lazy Update)...
[2026-03-16 13:14:50] [INFO] [utils.sh] Ejecutando: apt-get update -qq
[2026-03-16 13:14:50] [INFO] [utils.sh] Instalando dependencia: transmission-daemon...
[2026-03-16 13:14:50] [INFO] [utils.sh] Instalación de transmission-daemon
[2026-03-16 13:14:51] [WARN] [utils.sh] [DRY-RUN] Health check omitido para servicio 'transmission-daemon'.
[2026-03-16 13:14:51] [INFO] [transmission.sh] Deteniendo servicio Transmission para aplicar configuración...
[2026-03-16 13:14:51] [INFO] [utils.sh] Ejecutando: systemctl stop transmission-daemon
[2026-03-16 13:14:51] [INFO] [transmission.sh] Integrando usuario 'debian-transmission' en grupo 'media'...
[2026-03-16 13:14:51] [INFO] [utils.sh] Añadiendo usuario al grupo
[2026-03-16 13:14:51] [INFO] [transmission.sh] Preparando directorios de descarga...
[2026-03-16 13:14:51] [INFO] [utils.sh] Ejecutando: chown -R debian-transmission:media /media/DiscoDuro/completo
[2026-03-16 13:14:51] [INFO] [utils.sh] Ejecutando: chmod -R 775 /media/DiscoDuro/completo
[2026-03-16 13:14:51] [INFO] [utils.sh] Ejecutando: chmod g+s /media/DiscoDuro/completo
[2026-03-16 13:14:51] [INFO] [utils.sh] Ejecutando: mkdir -p /media/DiscoDuro/incompleto
[2026-03-16 13:14:51] [INFO] [utils.sh] Ejecutando: chown -R debian-transmission:media /media/DiscoDuro/incompleto
[2026-03-16 13:14:51] [INFO] [utils.sh] Ejecutando: chmod -R 775 /media/DiscoDuro/incompleto
[2026-03-16 13:14:51] [INFO] [utils.sh] Ejecutando: chmod g+s /media/DiscoDuro/incompleto
[2026-03-16 13:14:51] [INFO] [transmission.sh] Generando settings.json desde plantilla...
[2026-03-16 13:14:51] [INFO] [utils.sh] Ejecutando: tee /etc/transmission-daemon/settings.json
[2026-03-16 13:14:51] [INFO] [utils.sh] Validando integridad del JSON de Transmission
[2026-03-16 13:14:51] [WARN] [utils.sh] [DRY-RUN] Validación omitida (archivo no escrito): jq . /etc/transmission-daemon/settings.json
[2026-03-16 13:14:51] [INFO] [transmission.sh] Iniciando Transmission...
[2026-03-16 13:14:51] [INFO] [utils.sh] Ejecutando: systemctl start transmission-daemon
[2026-03-16 13:14:51] [INFO] [utils.sh] Ejecutando: systemctl enable transmission-daemon
[2026-03-16 13:14:51] [WARN] [utils.sh] [DRY-RUN] Health check omitido para servicio 'transmission-daemon'.
[2026-03-16 13:14:51] [OK] [transmission.sh] Transmission operativo.
[2026-03-16 13:14:51] [INFO] [transmission.sh] ---------------------------------------------------
[2026-03-16 13:14:51] [INFO] [transmission.sh] URL:        http://192.168.1.147:51413
[2026-03-16 13:14:51] [INFO] [transmission.sh] Usuario:    transmission
[2026-03-16 13:14:51] [INFO] [transmission.sh] Contraseña: (Definida en .env)
[2026-03-16 13:14:51] [INFO] [transmission.sh] Descargas:  /media/DiscoDuro/completo
[2026-03-16 13:14:51] [INFO] [transmission.sh] ---------------------------------------------------
[2026-03-16 13:14:51] [OK] [install.sh] Etapa 'transmission' completada.
--- Etapa: arr_suite ---
[2026-03-16 13:14:51] [INFO] [install.sh] Script: scripts/30-services/arr_suite.sh
--- Instalación de Suite Multimedia *Arr ---
[2026-03-16 13:14:51] [INFO] [utils.sh] Actualizando índices de APT (Lazy Update)...
[2026-03-16 13:14:51] [INFO] [utils.sh] Ejecutando: apt-get update -qq
[2026-03-16 13:14:51] [INFO] [utils.sh] Instalando dependencia: sqlite3...
[2026-03-16 13:14:51] [INFO] [utils.sh] Instalación de sqlite3
[2026-03-16 13:14:51] [INFO] [utils.sh] Instalando dependencia: libicu-dev...
[2026-03-16 13:14:51] [INFO] [utils.sh] Instalación de libicu-dev
[2026-03-16 13:14:51] [INFO] [utils.sh] Instalando dependencia: libssl-dev...
[2026-03-16 13:14:51] [INFO] [utils.sh] Instalación de libssl-dev
[2026-03-16 13:14:51] [INFO] [utils.sh] Instalando dependencia: libchromaprint-tools...
[2026-03-16 13:14:51] [INFO] [utils.sh] Instalación de libchromaprint-tools
[2026-03-16 13:14:51] [INFO] [arr_suite.sh] Verificando usuario de servicios (media)...
[2026-03-16 13:14:51] [WARN] [arr_suite.sh] [DRY-RUN] Usuario 'media' no existe en este entorno (normal en simulación).
 -> Procesando: Prowlarr
[2026-03-16 13:14:51] [INFO] [arr_suite.sh] Iniciando instalación limpia (Rama: develop)...
[2026-03-16 13:14:51] [INFO] [utils.sh] Descargando binarios
[2026-03-16 13:14:51] [INFO] [utils.sh] Ejecutando: tar -xzf /tmp/prowlarr.tar.gz -C /opt/Prowlarr --strip-components=1
[2026-03-16 13:14:51] [INFO] [utils.sh] Ejecutando: chown -R media:media /opt/Prowlarr
[2026-03-16 13:14:51] [INFO] [utils.sh] Ejecutando: chown -R media:media /var/lib/prowlarr
[2026-03-16 13:14:51] [INFO] [utils.sh] Ejecutando: chmod 775 /var/lib/prowlarr
[2026-03-16 13:14:51] [INFO] [utils.sh] Ejecutando: tee /etc/systemd/system/prowlarr.service
[2026-03-16 13:14:51] [INFO] [utils.sh] Ejecutando: systemctl daemon-reload
[2026-03-16 13:14:51] [WARN] [utils.sh] [DRY-RUN] Health check omitido para servicio 'prowlarr'.
[2026-03-16 13:14:51] [INFO] [arr_suite.sh] Servicio prowlarr activo. Reiniciando para aplicar cambios...
[2026-03-16 13:14:51] [INFO] [utils.sh] Ejecutando: systemctl restart prowlarr
[2026-03-16 13:14:51] [WARN] [utils.sh] [DRY-RUN] Health check omitido para servicio 'prowlarr'.
[2026-03-16 13:14:51] [WARN] [utils.sh] [DRY-RUN] Health check de puerto omitido para Prowlarr (localhost:9696).
[2026-03-16 13:14:51] [OK] [arr_suite.sh] Prowlarr instalado y respondiendo.
[2026-03-16 13:14:51] [INFO] [arr_suite.sh] ---------------------------------------------------
[2026-03-16 13:14:51] [INFO] [arr_suite.sh] URL:        http://192.168.1.147:9696
[2026-03-16 13:14:51] [INFO] [arr_suite.sh] Datos:      /var/lib/prowlarr
[2026-03-16 13:14:51] [INFO] [arr_suite.sh] ---------------------------------------------------
 -> Procesando: Radarr
[2026-03-16 13:14:51] [INFO] [arr_suite.sh] Iniciando instalación limpia (Rama: master)...
[2026-03-16 13:14:52] [INFO] [utils.sh] Descargando binarios
[2026-03-16 13:14:52] [INFO] [utils.sh] Ejecutando: tar -xzf /tmp/radarr.tar.gz -C /opt/Radarr --strip-components=1
[2026-03-16 13:14:52] [INFO] [utils.sh] Ejecutando: chown -R media:media /opt/Radarr
[2026-03-16 13:14:52] [INFO] [utils.sh] Ejecutando: chown -R media:media /var/lib/radarr
[2026-03-16 13:14:52] [INFO] [utils.sh] Ejecutando: chmod 775 /var/lib/radarr
[2026-03-16 13:14:52] [INFO] [utils.sh] Ejecutando: tee /etc/systemd/system/radarr.service
[2026-03-16 13:14:52] [INFO] [utils.sh] Ejecutando: systemctl daemon-reload
[2026-03-16 13:14:52] [WARN] [utils.sh] [DRY-RUN] Health check omitido para servicio 'radarr'.
[2026-03-16 13:14:52] [INFO] [arr_suite.sh] Servicio radarr activo. Reiniciando para aplicar cambios...
[2026-03-16 13:14:52] [INFO] [utils.sh] Ejecutando: systemctl restart radarr
[2026-03-16 13:14:52] [WARN] [utils.sh] [DRY-RUN] Health check omitido para servicio 'radarr'.
[2026-03-16 13:14:52] [WARN] [utils.sh] [DRY-RUN] Health check de puerto omitido para Radarr (localhost:7878).
[2026-03-16 13:14:52] [OK] [arr_suite.sh] Radarr instalado y respondiendo.
[2026-03-16 13:14:52] [INFO] [arr_suite.sh] ---------------------------------------------------
[2026-03-16 13:14:52] [INFO] [arr_suite.sh] URL:        http://192.168.1.147:7878
[2026-03-16 13:14:52] [INFO] [arr_suite.sh] Datos:      /var/lib/radarr
[2026-03-16 13:14:52] [INFO] [arr_suite.sh] ---------------------------------------------------
 -> Procesando: Lidarr
[2026-03-16 13:14:52] [INFO] [arr_suite.sh] Iniciando instalación limpia (Rama: master)...
[2026-03-16 13:14:52] [INFO] [utils.sh] Descargando binarios
[2026-03-16 13:14:52] [INFO] [utils.sh] Ejecutando: tar -xzf /tmp/lidarr.tar.gz -C /opt/Lidarr --strip-components=1
[2026-03-16 13:14:52] [INFO] [utils.sh] Ejecutando: chown -R media:media /opt/Lidarr
[2026-03-16 13:14:52] [INFO] [utils.sh] Ejecutando: chown -R media:media /var/lib/lidarr
[2026-03-16 13:14:52] [INFO] [utils.sh] Ejecutando: chmod 775 /var/lib/lidarr
[2026-03-16 13:14:52] [INFO] [utils.sh] Ejecutando: tee /etc/systemd/system/lidarr.service
[2026-03-16 13:14:52] [INFO] [utils.sh] Ejecutando: systemctl daemon-reload
[2026-03-16 13:14:52] [WARN] [utils.sh] [DRY-RUN] Health check omitido para servicio 'lidarr'.
[2026-03-16 13:14:52] [INFO] [arr_suite.sh] Servicio lidarr activo. Reiniciando para aplicar cambios...
[2026-03-16 13:14:52] [INFO] [utils.sh] Ejecutando: systemctl restart lidarr
[2026-03-16 13:14:52] [WARN] [utils.sh] [DRY-RUN] Health check omitido para servicio 'lidarr'.
[2026-03-16 13:14:52] [WARN] [utils.sh] [DRY-RUN] Health check de puerto omitido para Lidarr (localhost:8686).
[2026-03-16 13:14:52] [OK] [arr_suite.sh] Lidarr instalado y respondiendo.
[2026-03-16 13:14:52] [INFO] [arr_suite.sh] ---------------------------------------------------
[2026-03-16 13:14:52] [INFO] [arr_suite.sh] URL:        http://192.168.1.147:8686
[2026-03-16 13:14:52] [INFO] [arr_suite.sh] Datos:      /var/lib/lidarr
[2026-03-16 13:14:52] [INFO] [arr_suite.sh] ---------------------------------------------------
 -> Procesando: Readarr
[2026-03-16 13:14:52] [INFO] [arr_suite.sh] Iniciando instalación limpia (Rama: develop)...
[2026-03-16 13:14:52] [INFO] [utils.sh] Descargando binarios
[2026-03-16 13:14:52] [INFO] [utils.sh] Ejecutando: tar -xzf /tmp/readarr.tar.gz -C /opt/Readarr --strip-components=1
[2026-03-16 13:14:52] [INFO] [utils.sh] Ejecutando: chown -R media:media /opt/Readarr
[2026-03-16 13:14:52] [INFO] [utils.sh] Ejecutando: chown -R media:media /var/lib/readarr
[2026-03-16 13:14:52] [INFO] [utils.sh] Ejecutando: chmod 775 /var/lib/readarr
[2026-03-16 13:14:52] [INFO] [utils.sh] Ejecutando: tee /etc/systemd/system/readarr.service
[2026-03-16 13:14:52] [INFO] [utils.sh] Ejecutando: systemctl daemon-reload
[2026-03-16 13:14:52] [WARN] [utils.sh] [DRY-RUN] Health check omitido para servicio 'readarr'.
[2026-03-16 13:14:52] [INFO] [arr_suite.sh] Servicio readarr activo. Reiniciando para aplicar cambios...
[2026-03-16 13:14:52] [INFO] [utils.sh] Ejecutando: systemctl restart readarr
[2026-03-16 13:14:52] [WARN] [utils.sh] [DRY-RUN] Health check omitido para servicio 'readarr'.
[2026-03-16 13:14:52] [WARN] [utils.sh] [DRY-RUN] Health check de puerto omitido para Readarr (localhost:8787).
[2026-03-16 13:14:52] [OK] [arr_suite.sh] Readarr instalado y respondiendo.
[2026-03-16 13:14:52] [INFO] [arr_suite.sh] ---------------------------------------------------
[2026-03-16 13:14:52] [INFO] [arr_suite.sh] URL:        http://192.168.1.147:8787
[2026-03-16 13:14:52] [INFO] [arr_suite.sh] Datos:      /var/lib/readarr
[2026-03-16 13:14:52] [INFO] [arr_suite.sh] ---------------------------------------------------
 -> Procesando: Whisparr
[2026-03-16 13:14:52] [INFO] [arr_suite.sh] Iniciando instalación limpia (Rama: nightly)...
[2026-03-16 13:14:52] [INFO] [utils.sh] Descargando binarios
[2026-03-16 13:14:52] [INFO] [utils.sh] Ejecutando: tar -xzf /tmp/whisparr.tar.gz -C /opt/Whisparr --strip-components=1
[2026-03-16 13:14:52] [INFO] [utils.sh] Ejecutando: chown -R media:media /opt/Whisparr
[2026-03-16 13:14:52] [INFO] [utils.sh] Ejecutando: chown -R media:media /var/lib/whisparr
[2026-03-16 13:14:52] [INFO] [utils.sh] Ejecutando: chmod 775 /var/lib/whisparr
[2026-03-16 13:14:52] [INFO] [utils.sh] Ejecutando: tee /etc/systemd/system/whisparr.service
[2026-03-16 13:14:52] [INFO] [utils.sh] Ejecutando: systemctl daemon-reload
[2026-03-16 13:14:52] [WARN] [utils.sh] [DRY-RUN] Health check omitido para servicio 'whisparr'.
[2026-03-16 13:14:52] [INFO] [arr_suite.sh] Servicio whisparr activo. Reiniciando para aplicar cambios...
[2026-03-16 13:14:52] [INFO] [utils.sh] Ejecutando: systemctl restart whisparr
[2026-03-16 13:14:52] [WARN] [utils.sh] [DRY-RUN] Health check omitido para servicio 'whisparr'.
[2026-03-16 13:14:52] [WARN] [utils.sh] [DRY-RUN] Health check de puerto omitido para Whisparr (localhost:6969).
[2026-03-16 13:14:52] [OK] [arr_suite.sh] Whisparr instalado y respondiendo.
[2026-03-16 13:14:52] [INFO] [arr_suite.sh] ---------------------------------------------------
[2026-03-16 13:14:52] [INFO] [arr_suite.sh] URL:        http://192.168.1.147:6969
[2026-03-16 13:14:52] [INFO] [arr_suite.sh] Datos:      /var/lib/whisparr
[2026-03-16 13:14:52] [INFO] [arr_suite.sh] ---------------------------------------------------
--- Instalación de Suite Completa Finalizada. ---
[2026-03-16 13:14:52] [OK] [install.sh] Etapa 'arr_suite' completada.
--- Etapa: sonarr ---
[2026-03-16 13:14:52] [INFO] [install.sh] Script: scripts/30-services/sonarr.sh
--- Instalación de Sonarr (Nativo .NET) ---
[2026-03-16 13:14:53] [INFO] [utils.sh] Actualizando índices de APT (Lazy Update)...
[2026-03-16 13:14:53] [INFO] [utils.sh] Ejecutando: apt-get update -qq
[2026-03-16 13:14:53] [INFO] [utils.sh] Instalando dependencia: sqlite3...
[2026-03-16 13:14:53] [INFO] [utils.sh] Instalación de sqlite3
[2026-03-16 13:14:53] [INFO] [utils.sh] Instalando dependencia: libicu-dev...
[2026-03-16 13:14:53] [INFO] [utils.sh] Instalación de libicu-dev
[2026-03-16 13:14:53] [INFO] [utils.sh] Instalando dependencia: libssl-dev...
[2026-03-16 13:14:53] [INFO] [utils.sh] Instalación de libssl-dev
[2026-03-16 13:14:53] [INFO] [sonarr.sh] Verificando identidad del servicio (media)...
[2026-03-16 13:14:53] [WARN] [sonarr.sh] [DRY-RUN] Usuario 'media' no existe en este entorno (normal en simulación).
[2026-03-16 13:14:53] [INFO] [sonarr.sh] Binario no encontrado. Iniciando instalación limpia...
[2026-03-16 13:14:53] [INFO] [sonarr.sh] Descargando Sonarr v4 (x64)...
[2026-03-16 13:14:53] [INFO] [utils.sh] Descarga completada
[2026-03-16 13:14:53] [WARN] [sonarr.sh] Limpiando directorio de instalación previo...
[2026-03-16 13:14:53] [INFO] [sonarr.sh] Extrayendo binarios...
[2026-03-16 13:14:53] [INFO] [utils.sh] Ejecutando: tar -xzf /tmp/sonarr.tar.gz -C /opt/Sonarr --strip-components=1
[2026-03-16 13:14:53] [INFO] [utils.sh] Ejecutando: chown -R media:media /opt/Sonarr
[2026-03-16 13:14:53] [INFO] [sonarr.sh] Asegurando permisos en directorio de datos...
[2026-03-16 13:14:53] [INFO] [utils.sh] Ejecutando: chown -R media:media /var/lib/sonarr
[2026-03-16 13:14:53] [INFO] [utils.sh] Ejecutando: chmod 775 /var/lib/sonarr
[2026-03-16 13:14:53] [INFO] [sonarr.sh] Configurando unidad Systemd...
[2026-03-16 13:14:53] [INFO] [utils.sh] Ejecutando: tee /etc/systemd/system/sonarr.service
[2026-03-16 13:14:53] [INFO] [sonarr.sh] Gestionando servicio...
[2026-03-16 13:14:53] [INFO] [utils.sh] Ejecutando: systemctl daemon-reload
[2026-03-16 13:14:53] [WARN] [utils.sh] [DRY-RUN] Health check omitido para servicio 'sonarr'.
[2026-03-16 13:14:53] [INFO] [sonarr.sh] Reiniciando servicio para aplicar cambios...
[2026-03-16 13:14:53] [INFO] [utils.sh] Ejecutando: systemctl restart sonarr
[2026-03-16 13:14:53] [INFO] [sonarr.sh] Gestionando servicio...
[2026-03-16 13:14:53] [INFO] [utils.sh] Ejecutando: systemctl daemon-reload
[2026-03-16 13:14:53] [WARN] [utils.sh] [DRY-RUN] Health check omitido para servicio 'sonarr'.
[2026-03-16 13:14:53] [INFO] [sonarr.sh] Reiniciando servicio para aplicar cambios...
[2026-03-16 13:14:53] [INFO] [utils.sh] Ejecutando: systemctl restart sonarr
[2026-03-16 13:14:53] [WARN] [utils.sh] [DRY-RUN] Health check omitido para servicio 'sonarr'.
[2026-03-16 13:14:53] [WARN] [utils.sh] [DRY-RUN] Health check de puerto omitido para Sonarr (localhost:8989).
[2026-03-16 13:14:53] [OK] [sonarr.sh] Sonarr instalado y respondiendo correctamente.
[2026-03-16 13:14:53] [INFO] [sonarr.sh] ---------------------------------------------------
[2026-03-16 13:14:53] [INFO] [sonarr.sh] URL:        http://192.168.1.147:8989
[2026-03-16 13:14:53] [INFO] [sonarr.sh] Binarios:   /opt/Sonarr
[2026-03-16 13:14:53] [INFO] [sonarr.sh] Datos:      /var/lib/sonarr
[2026-03-16 13:14:53] [INFO] [sonarr.sh] ---------------------------------------------------
[2026-03-16 13:14:53] [OK] [install.sh] Etapa 'sonarr' completada.
--- Etapa: bazarr ---
[2026-03-16 13:14:53] [INFO] [install.sh] Script: scripts/30-services/bazarr.sh
--- Instalación de Gestor de Subtítulos (Bazarr) ---
[2026-03-16 13:14:53] [INFO] [utils.sh] Actualizando índices de APT (Lazy Update)...
[2026-03-16 13:14:53] [INFO] [utils.sh] Ejecutando: apt-get update -qq
[2026-03-16 13:14:53] [INFO] [utils.sh] Instalando dependencia: python3-venv...
[2026-03-16 13:14:53] [INFO] [utils.sh] Instalación de python3-venv
[2026-03-16 13:14:53] [INFO] [utils.sh] Instalando dependencia: python3-dev...
[2026-03-16 13:14:53] [INFO] [utils.sh] Instalación de python3-dev
[2026-03-16 13:14:53] [INFO] [utils.sh] Instalando dependencia: python3-pip...
[2026-03-16 13:14:53] [INFO] [utils.sh] Instalación de python3-pip
[2026-03-16 13:14:53] [INFO] [utils.sh] Instalando dependencia: libxml2-dev...
[2026-03-16 13:14:53] [INFO] [utils.sh] Instalación de libxml2-dev
[2026-03-16 13:14:54] [INFO] [utils.sh] Instalando dependencia: libxslt1-dev...
[2026-03-16 13:14:54] [INFO] [utils.sh] Instalación de libxslt1-dev
[2026-03-16 13:14:54] [INFO] [utils.sh] Instalando dependencia: zlib1g-dev...
[2026-03-16 13:14:54] [INFO] [utils.sh] Instalación de zlib1g-dev
[2026-03-16 13:14:54] [INFO] [utils.sh] Instalando dependencia: build-essential...
[2026-03-16 13:14:54] [INFO] [utils.sh] Instalación de build-essential
[2026-03-16 13:14:54] [INFO] [bazarr.sh] Verificando usuario de servicio (media)...
[2026-03-16 13:14:54] [WARN] [bazarr.sh] [DRY-RUN] Usuario 'media' no existe en este entorno (normal en simulación).
[2026-03-16 13:14:54] [INFO] [bazarr.sh] Iniciando instalación limpia...
[2026-03-16 13:14:54] [INFO] [bazarr.sh] Descargando código fuente...
[2026-03-16 13:14:54] [INFO] [utils.sh] Descarga completada
[2026-03-16 13:14:54] [INFO] [bazarr.sh] Extrayendo...
[2026-03-16 13:14:54] [INFO] [utils.sh] Extrayendo archivos de Bazarr
[2026-03-16 13:14:54] [WARN] [bazarr.sh] [DRY-RUN] Saltando validación de archivos (el archivo aún no existe).
[2026-03-16 13:14:54] [INFO] [bazarr.sh] Configurando entorno Python aislado (venv)...
[2026-03-16 13:14:54] [INFO] [utils.sh] Creando virtualenv
[2026-03-16 13:14:54] [INFO] [bazarr.sh] Instalando dependencias Python (requirements.txt)...
[2026-03-16 13:14:54] [INFO] [utils.sh] Ejecutando: /opt/Bazarr/venv/bin/pip install --upgrade pip --quiet
[2026-03-16 13:14:54] [INFO] [utils.sh] Ejecutando: /opt/Bazarr/venv/bin/pip install -r /opt/Bazarr/requirements.txt --quiet
[2026-03-16 13:14:54] [INFO] [bazarr.sh] Ajustando permisos...
[2026-03-16 13:14:54] [INFO] [utils.sh] Ejecutando: chown -R media:media /opt/Bazarr
[2026-03-16 13:14:54] [INFO] [utils.sh] Ejecutando: chown -R media:media /var/lib/bazarr
[2026-03-16 13:14:54] [INFO] [utils.sh] Ejecutando: chmod 775 /var/lib/bazarr
[2026-03-16 13:14:54] [INFO] [bazarr.sh] Configurando servicio Systemd...
[2026-03-16 13:14:54] [INFO] [utils.sh] Ejecutando: tee /etc/systemd/system/bazarr.service
[2026-03-16 13:14:54] [INFO] [utils.sh] Ejecutando: systemctl daemon-reload
[2026-03-16 13:14:54] [WARN] [utils.sh] [DRY-RUN] Health check omitido para servicio 'bazarr'.
[2026-03-16 13:14:54] [INFO] [bazarr.sh] Servicio ya activo.
[2026-03-16 13:14:54] [WARN] [utils.sh] [DRY-RUN] Health check omitido para servicio 'bazarr'.
[2026-03-16 13:14:54] [OK] [bazarr.sh] Bazarr instalado correctamente.
[2026-03-16 13:14:54] [INFO] [bazarr.sh] ---------------------------------------------------
[2026-03-16 13:14:54] [INFO] [bazarr.sh] URL:        http://192.168.1.147:6767
[2026-03-16 13:14:54] [INFO] [bazarr.sh] Entorno:    /opt/Bazarr/venv
[2026-03-16 13:14:54] [INFO] [bazarr.sh] Config:     /var/lib/bazarr
[2026-03-16 13:14:54] [INFO] [bazarr.sh] ---------------------------------------------------
[2026-03-16 13:14:54] [OK] [install.sh] Etapa 'bazarr' completada.
--- Etapa: calibre ---
[2026-03-16 13:14:54] [INFO] [install.sh] Script: scripts/30-services/calibre.sh
--- Instalación de Servidor de eBooks (Calibre) ---
[2026-03-16 13:14:54] [INFO] [calibre.sh] Configurando identidad del servicio...
[2026-03-16 13:14:54] [INFO] [utils.sh] useradd --system --shell /bin/false --home-dir /var/lib/calibre calibre
[2026-03-16 13:14:54] [WARN] [calibre.sh] [DRY-RUN] Saltando integración de grupos (el usuario aún no existe físicamente).
[2026-03-16 13:14:54] [INFO] [calibre.sh] Descargando e instalando Calibre (Latest)...
[2026-03-16 13:14:54] [WARN] [calibre.sh] [DRY-RUN] Validación de binario omitida (instalación no ejecutada).
[2026-03-16 13:14:54] [INFO] [calibre.sh] Configurando biblioteca en: /media/WDElements/Libros
[2026-03-16 13:14:54] [INFO] [utils.sh] Ejecutando: mkdir -p /media/WDElements/Libros
[2026-03-16 13:14:54] [INFO] [utils.sh] Ejecutando: chown -R calibre:media /media/WDElements/Libros
[2026-03-16 13:14:54] [INFO] [utils.sh] Ejecutando: chmod -R 775 /media/WDElements/Libros
[2026-03-16 13:14:54] [INFO] [utils.sh] Ejecutando: chmod g+s /media/WDElements/Libros
[2026-03-16 13:14:54] [INFO] [calibre.sh] Configurando servicio Systemd...
[2026-03-16 13:14:54] [INFO] [utils.sh] Ejecutando: tee /etc/systemd/system/calibre-server.service
[2026-03-16 13:14:54] [INFO] [utils.sh] Ejecutando: systemctl daemon-reload
[2026-03-16 13:14:54] [WARN] [utils.sh] [DRY-RUN] Health check omitido para servicio 'calibre-server'.
[2026-03-16 13:14:54] [INFO] [calibre.sh] Servicio ya activo. Reiniciando para aplicar cambios...
[2026-03-16 13:14:54] [INFO] [utils.sh] Ejecutando: systemctl restart calibre-server
[2026-03-16 13:14:54] [WARN] [utils.sh] [DRY-RUN] Health check omitido para servicio 'calibre-server'.
[2026-03-16 13:14:54] [OK] [calibre.sh] Calibre Server operativo.
[2026-03-16 13:14:54] [INFO] [calibre.sh] ---------------------------------------------------
[2026-03-16 13:14:55] [INFO] [calibre.sh] Web UI:     http://192.168.1.147:8080
[2026-03-16 13:14:55] [INFO] [calibre.sh] Biblioteca: /media/WDElements/Libros
[2026-03-16 13:14:55] [INFO] [calibre.sh] Integración: Grupo 'media' + SetGID activo.
[2026-03-16 13:14:55] [INFO] [calibre.sh] ---------------------------------------------------
[2026-03-16 13:14:55] [OK] [install.sh] Etapa 'calibre' completada.
--- Etapa: plex ---
[2026-03-16 13:14:55] [INFO] [install.sh] Script: scripts/30-services/plex.sh
--- Instalación de Servidor Multimedia (Plex) ---
[2026-03-16 13:14:55] [INFO] [utils.sh] Actualizando índices de APT (Lazy Update)...
[2026-03-16 13:14:55] [INFO] [utils.sh] Ejecutando: apt-get update -qq
[2026-03-16 13:14:55] [INFO] [utils.sh] Instalando dependencia: apt-transport-https...
[2026-03-16 13:14:55] [INFO] [utils.sh] Instalación de apt-transport-https
[2026-03-16 13:14:55] [INFO] [plex.sh] Configurando repositorio oficial de Plex...
[2026-03-16 13:14:55] [INFO] [utils.sh] Ejecutando: tee /usr/share/keyrings/plexmediaserver.gpg
[2026-03-16 13:14:55] [INFO] [utils.sh] Ejecutando: tee /etc/apt/sources.list.d/plexmediaserver.list
[2026-03-16 13:14:55] [INFO] [utils.sh] Actualizando repositorios
[2026-03-16 13:14:55] [INFO] [utils.sh] Instalando dependencia: plexmediaserver...
[2026-03-16 13:14:55] [INFO] [utils.sh] Instalación de plexmediaserver
[2026-03-16 13:14:55] [INFO] [plex.sh] Configurando permisos de acceso a medios...
[2026-03-16 13:14:55] [INFO] [utils.sh] Añadiendo plex al grupo media
[2026-03-16 13:14:55] [INFO] [plex.sh] Habilitando aceleración por hardware (Transcoding)...
[2026-03-16 13:14:55] [INFO] [utils.sh] Añadiendo plex a video
[2026-03-16 13:14:55] [INFO] [utils.sh] Añadiendo plex a render
[2026-03-16 13:14:55] [INFO] [plex.sh] Reiniciando servicio para aplicar permisos...
[2026-03-16 13:14:55] [INFO] [utils.sh] Ejecutando: systemctl restart plexmediaserver
[2026-03-16 13:14:55] [INFO] [utils.sh] Ejecutando: systemctl enable plexmediaserver
[2026-03-16 13:14:55] [WARN] [utils.sh] [DRY-RUN] Health check omitido para servicio 'plexmediaserver'.
[2026-03-16 13:14:55] [OK] [plex.sh] Plex Media Server instalado y activo.
[2026-03-16 13:14:55] [INFO] [plex.sh] ---------------------------------------------------
[2026-03-16 13:14:55] [INFO] [plex.sh] Web UI:     http://192.168.1.147:32400/web
[2026-03-16 13:14:55] [INFO] [plex.sh] Estado:     Servicio activo, repositorios configurados.
[2026-03-16 13:14:55] [INFO] [plex.sh] IMPORTANTE: Si es la primera instalación, entra AHORA
[2026-03-16 13:14:55] [INFO] [plex.sh]             a la Web UI para reclamar el servidor.
[2026-03-16 13:14:55] [INFO] [plex.sh] ---------------------------------------------------
[2026-03-16 13:14:55] [INFO] [plex.sh] Si Plex no ve tus archivos inmediatamente, reinicia la Raspberry.
[2026-03-16 13:14:55] [OK] [install.sh] Etapa 'plex' completada.
--- Etapa: amule ---
[2026-03-16 13:14:55] [INFO] [install.sh] Script: scripts/30-services/amule.sh
--- Configuración de Red P2P (aMule) ---
[2026-03-16 13:14:55] [INFO] [utils.sh] Actualizando índices de APT (Lazy Update)...
[2026-03-16 13:14:55] [INFO] [utils.sh] Ejecutando: apt-get update -qq
[2026-03-16 13:14:55] [INFO] [utils.sh] Instalando dependencia: amule-daemon...
[2026-03-16 13:14:55] [INFO] [utils.sh] Instalación de amule-daemon
[2026-03-16 13:14:55] [INFO] [utils.sh] Instalando dependencia: amule-utils...
[2026-03-16 13:14:55] [INFO] [utils.sh] Instalación de amule-utils
[2026-03-16 13:14:56] [INFO] [amule.sh] Configurando entorno de usuario...
[2026-03-16 13:14:56] [INFO] [utils.sh] useradd --system --home-dir /var/lib/amule --shell /bin/false amule
[2026-03-16 13:14:56] [INFO] [utils.sh] chown amule:amule /var/lib/amule
[2026-03-16 13:14:56] [INFO] [utils.sh] chmod 750 /var/lib/amule
[2026-03-16 13:14:56] [INFO] [utils.sh] mkdir -p /var/lib/amule/Incoming
[2026-03-16 13:14:56] [INFO] [utils.sh] chown amule:amule /var/lib/amule/Incoming
[2026-03-16 13:14:56] [INFO] [utils.sh] chmod 750 /var/lib/amule/Incoming
[2026-03-16 13:14:56] [INFO] [utils.sh] mkdir -p /var/lib/amule/Temp
[2026-03-16 13:14:56] [INFO] [utils.sh] chown amule:amule /var/lib/amule/Temp
[2026-03-16 13:14:56] [INFO] [utils.sh] chmod 750 /var/lib/amule/Temp
[2026-03-16 13:14:56] [INFO] [utils.sh] mkdir -p /var/lib/amule/.aMule
[2026-03-16 13:14:56] [INFO] [utils.sh] chown amule:amule /var/lib/amule/.aMule
[2026-03-16 13:14:56] [INFO] [utils.sh] chmod 750 /var/lib/amule/.aMule
[2026-03-16 13:14:56] [INFO] [amule.sh] Calculando hashes y variables...
[2026-03-16 13:14:56] [INFO] [amule.sh] Desplegando configuración...
[2026-03-16 13:14:56] [WARN] [utils.sh] [DRY-RUN] Health check omitido para servicio 'amule-daemon'.
[2026-03-16 13:14:56] [INFO] [utils.sh] systemctl stop amule-daemon
[2026-03-16 13:14:56] [INFO] [utils.sh] tee /var/lib/amule/.aMule/amule.conf
[2026-03-16 13:14:56] [INFO] [utils.sh] chown amule:amule /var/lib/amule/.aMule/amule.conf
[2026-03-16 13:14:56] [INFO] [utils.sh] chmod 600 /var/lib/amule/.aMule/amule.conf
[2026-03-16 13:14:56] [INFO] [amule.sh] Configurando demonio en /etc/default/amule-daemon...
[2026-03-16 13:14:56] [INFO] [utils.sh] tee /etc/default/amule-daemon
[2026-03-16 13:14:56] [INFO] [utils.sh] systemctl daemon-reload
[2026-03-16 13:14:56] [INFO] [utils.sh] systemctl enable --now amule-daemon
[2026-03-16 13:14:58] [WARN] [utils.sh] [DRY-RUN] Health check omitido para servicio 'amule-daemon'.
[2026-03-16 13:14:58] [OK] [amule.sh] aMule operativo.
[2026-03-16 13:14:58] [OK] [install.sh] Etapa 'amule' completada.
--- Etapa: webmin ---
[2026-03-16 13:14:58] [INFO] [install.sh] Script: scripts/30-services/webmin.sh
--- Instalación de Panel de Administración (Webmin) ---
[2026-03-16 13:14:58] [INFO] [utils.sh] Actualizando índices de APT (Lazy Update)...
[2026-03-16 13:14:58] [INFO] [utils.sh] Ejecutando: apt-get update -qq
[2026-03-16 13:14:58] [INFO] [utils.sh] Instalando dependencia: apt-transport-https...
[2026-03-16 13:14:58] [INFO] [utils.sh] Instalación de apt-transport-https
[2026-03-16 13:14:58] [INFO] [webmin.sh] Pre-instalando dependencias de Perl...
[2026-03-16 13:14:58] [INFO] [utils.sh] Instalando dependencia: libauthen-pam-perl...
[2026-03-16 13:14:58] [INFO] [utils.sh] Instalación de libauthen-pam-perl
[2026-03-16 13:14:58] [INFO] [utils.sh] Instalando dependencia: libio-pty-perl...
[2026-03-16 13:14:58] [INFO] [utils.sh] Instalación de libio-pty-perl
[2026-03-16 13:14:58] [INFO] [webmin.sh] Configurando repositorio oficial de Webmin...
[2026-03-16 13:14:58] [INFO] [utils.sh] Ejecutando: tee /usr/share/keyrings/webmin.gpg
[2026-03-16 13:14:59] [INFO] [utils.sh] Ejecutando: tee /etc/apt/sources.list.d/webmin.list
[2026-03-16 13:14:59] [INFO] [utils.sh] Actualizando lista de paquetes
[2026-03-16 13:14:59] [INFO] [webmin.sh] Instalando paquete Webmin...
[2026-03-16 13:14:59] [INFO] [utils.sh] Instalación de Webmin
[2026-03-16 13:14:59] [INFO] [webmin.sh] Asegurando configuración...
[2026-03-16 13:14:59] [INFO] [utils.sh] Ejecutando: systemctl enable webmin
[2026-03-16 13:14:59] [INFO] [utils.sh] Ejecutando: systemctl restart webmin
[2026-03-16 13:14:59] [WARN] [utils.sh] [DRY-RUN] Health check omitido para servicio 'webmin'.
[2026-03-16 13:14:59] [OK] [webmin.sh] Webmin instalado y operativo.
[2026-03-16 13:14:59] [INFO] [webmin.sh] ---------------------------------------------------
[2026-03-16 13:14:59] [INFO] [webmin.sh] Panel:      https://192.168.1.147:10000
[2026-03-16 13:14:59] [INFO] [webmin.sh] Usuario:    pi (Tu usuario de sistema o root)
[2026-03-16 13:14:59] [INFO] [webmin.sh] Contraseña: (Tu contraseña de sistema)
[2026-03-16 13:14:59] [INFO] [webmin.sh] Nota:       Usa HTTPS. Acepta el certificado autofirmado.
[2026-03-16 13:15:00] [INFO] [webmin.sh] ---------------------------------------------------
[2026-03-16 13:15:00] [OK] [install.sh] Etapa 'webmin' completada.
--- Etapa: cron ---
[2026-03-16 13:15:00] [INFO] [install.sh] Script: scripts/40-maintenance/cron.sh
--- Configuración de Cron (v2.2 - Dynamic Paths) ---
[2026-03-16 13:15:00] [INFO] [cron.sh] Inyectando ruta del repositorio: /mnt/Datos/Documentos/Repos/confiraspa V2
[2026-03-16 13:15:00] [OK] [cron.sh] Tareas programadas instaladas con rutas dinámicas.
[2026-03-16 13:15:00] [OK] [install.sh] Etapa 'cron' completada.
--- Etapa: logrotate ---
[2026-03-16 13:15:00] [INFO] [install.sh] Script: scripts/40-maintenance/logrotate.sh
--- Optimización de Logs (Logrotate + Journal) ---
[2026-03-16 13:15:00] [INFO] [logrotate.sh] Optimizando configuraciones de logs del sistema...
[2026-03-16 13:15:00] [INFO] [utils.sh] sed -i 's/^#compress/compress/' /etc/logrotate.conf
[2026-03-16 13:15:00] [INFO] [logrotate.sh] Ajustando SystemMaxUse a 100M en Journald...
[2026-03-16 13:15:00] [INFO] [utils.sh] sed -i 's/^[#]*SystemMaxUse=.*/SystemMaxUse=100M/' /etc/systemd/journald.conf
[2026-03-16 13:15:00] [INFO] [utils.sh] systemctl restart systemd-journald
[2026-03-16 13:15:00] [INFO] [logrotate.sh] Iniciando generación de reglas desde JSON...
[2026-03-16 13:15:00] [INFO] [logrotate.sh]  -> Generando regla para: confiraspa_backup_cloud (daily)
[2026-03-16 13:15:00] [INFO] [logrotate.sh]  -> Generando regla para: confiraspa_backup_local (daily)
[2026-03-16 13:15:00] [INFO] [logrotate.sh]  -> Generando regla para: confiraspa_permissions (weekly)
[2026-03-16 13:15:00] [INFO] [logrotate.sh]  -> Generando regla para: confiraspa_clean_downloads (daily)
[2026-03-16 13:15:00] [INFO] [logrotate.sh] Validando sintaxis generada...
[2026-03-16 13:15:00] [OK] [logrotate.sh] Sintaxis validada.
[2026-03-16 13:15:00] [INFO] [utils.sh] mv /tmp/tmp.6e8w0SneyY /etc/logrotate.d/confiraspa-dynamic
[2026-03-16 13:15:00] [INFO] [utils.sh] chmod 644 /etc/logrotate.d/confiraspa-dynamic
[2026-03-16 13:15:00] [OK] [logrotate.sh] Mantenimiento de logs finalizado con éxito.
[2026-03-16 13:15:00] [OK] [install.sh] Etapa 'logrotate' completada.
--- Etapa: fix_permissions ---
[2026-03-16 13:15:00] [INFO] [install.sh] Script: scripts/40-maintenance/fix_permissions.sh
--- Mantenimiento de Permisos (Smart Fix) ---
[2026-03-16 13:15:01] [WARN] [fix_permissions.sh] [DRY-RUN] El usuario 'media' no existe. Se simulará la ejecución sin lanzar 'find'.
[2026-03-16 13:15:01] [OK] [fix_permissions.sh] Mantenimiento de permisos finalizado (Simulado).
[2026-03-16 13:15:01] [OK] [install.sh] Etapa 'fix_permissions' completada.

=== Instalación finalizada ===
[2026-03-16 13:15:01] [INFO] [install.sh] Resumen:
[2026-03-16 13:15:01] [INFO] [install.sh]   - Etapas ejecutadas: 20
[2026-03-16 13:15:01] [INFO] [install.sh]   - IP del sistema:    192.168.1.147
[2026-03-16 13:15:01] [INFO] [install.sh]   - Log de sesión:     /mnt/Datos/Documentos/Repos/confiraspa V2/logs/install_20260316_131446.log
[2026-03-16 13:15:01] [WARN] [install.sh] [DRY-RUN] Simulación completada. No se aplicaron cambios reales.
