
=== Iniciando Confiraspa Framework v2.3 ===
[2026-03-16 00:51:06] [INFO] [install.sh] IP Detectada: 192.168.1.147
[2026-03-16 00:51:06] [INFO] [install.sh] Log de sesión: /mnt/Datos/Documentos/Repos/confiraspa V2/logs/install_20260316_005106.log
--- Etapa: 00-update ---

--- Actualización del Sistema y Parches de Seguridad ---
--- Actualización del Sistema y Parches de Seguridad ---
[2026-03-16 00:51:06] [INFO] [00-update.sh] Actualizando repositorios y paquetes del sistema...
[2026-03-16 00:51:06] [INFO] [00-update.sh] Actualizando repositorios y paquetes del sistema...
[2026-03-16 00:51:06] [INFO] [utils.sh] Actualizando lista de paquetes
[2026-03-16 00:51:06] [INFO] [utils.sh] Actualizando lista de paquetes
  [DRY-RUN] apt-get update -qq
[2026-03-16 00:51:06] [INFO] [utils.sh] Aplicando actualizaciones pendientes
[2026-03-16 00:51:06] [INFO] [utils.sh] Aplicando actualizaciones pendientes
  [DRY-RUN] apt-get upgrade -y -qq -o Dpkg::Options::=--force-confdef -o Dpkg::Options::=--force-confold
[2026-03-16 00:51:06] [INFO] [utils.sh] Aplicando actualizaciones de distribución
[2026-03-16 00:51:06] [INFO] [utils.sh] Aplicando actualizaciones de distribución
  [DRY-RUN] apt-get dist-upgrade -y -qq -o Dpkg::Options::=--force-confdef -o Dpkg::Options::=--force-confold
[2026-03-16 00:51:06] [INFO] [utils.sh] Eliminando dependencias huérfanas
[2026-03-16 00:51:06] [INFO] [utils.sh] Eliminando dependencias huérfanas
  [DRY-RUN] apt-get autoremove -y
[2026-03-16 00:51:06] [INFO] [utils.sh] Limpiando caché de apt
[2026-03-16 00:51:06] [INFO] [utils.sh] Limpiando caché de apt
  [DRY-RUN] apt-get clean
[2026-03-16 00:51:06] [INFO] [00-update.sh] Configurando actualizaciones automáticas de seguridad...
[2026-03-16 00:51:06] [INFO] [00-update.sh] Configurando actualizaciones automáticas de seguridad...
[2026-03-16 00:51:06] [INFO] [utils.sh] Actualizando índices de APT (Lazy Update)...
[2026-03-16 00:51:06] [INFO] [utils.sh] Actualizando índices de APT (Lazy Update)...
[2026-03-16 00:51:06] [INFO] [utils.sh] Ejecutando: apt-get update -qq
[2026-03-16 00:51:06] [INFO] [utils.sh] Ejecutando: apt-get update -qq
  [DRY-RUN] apt-get update -qq
[2026-03-16 00:51:06] [INFO] [utils.sh] Instalando dependencia: apt-listchanges...
[2026-03-16 00:51:06] [INFO] [utils.sh] Instalando dependencia: apt-listchanges...
[2026-03-16 00:51:06] [INFO] [utils.sh] Instalación de apt-listchanges
[2026-03-16 00:51:06] [INFO] [utils.sh] Instalación de apt-listchanges
  [DRY-RUN] apt-get install -y -qq apt-listchanges
[2026-03-16 00:51:06] [INFO] [00-update.sh] Generando configuración en: /etc/apt/apt.conf.d/52confiraspa-unattended
[2026-03-16 00:51:06] [INFO] [00-update.sh] Generando configuración en: /etc/apt/apt.conf.d/52confiraspa-unattended
[2026-03-16 00:51:06] [INFO] [utils.sh] Ejecutando: tee /etc/apt/apt.conf.d/52confiraspa-unattended
[2026-03-16 00:51:06] [INFO] [utils.sh] Ejecutando: tee /etc/apt/apt.conf.d/52confiraspa-unattended
  [DRY-RUN] tee /etc/apt/apt.conf.d/52confiraspa-unattended
[2026-03-16 00:51:06] [INFO] [00-update.sh] Configurando frecuencia diaria en: /etc/apt/apt.conf.d/20auto-upgrades
[2026-03-16 00:51:06] [INFO] [00-update.sh] Configurando frecuencia diaria en: /etc/apt/apt.conf.d/20auto-upgrades
[2026-03-16 00:51:06] [INFO] [utils.sh] Ejecutando: tee /etc/apt/apt.conf.d/20auto-upgrades
[2026-03-16 00:51:06] [INFO] [utils.sh] Ejecutando: tee /etc/apt/apt.conf.d/20auto-upgrades
  [DRY-RUN] tee /etc/apt/apt.conf.d/20auto-upgrades
[2026-03-16 00:51:06] [INFO] [00-update.sh] Verificando configuración de unattended-upgrades...
[2026-03-16 00:51:06] [INFO] [00-update.sh] Verificando configuración de unattended-upgrades...
[2026-03-16 00:51:06] [INFO] [utils.sh] Test de configuración
[2026-03-16 00:51:06] [INFO] [utils.sh] Test de configuración
  [DRY-RUN] unattended-upgrade --dry-run --debug
[2026-03-16 00:51:06] [OK] [00-update.sh] Sistema actualizado y actualizaciones automáticas configuradas.
[2026-03-16 00:51:06] [OK] [00-update.sh] Sistema actualizado y actualizaciones automáticas configuradas.
[2026-03-16 00:51:06] [OK] [install.sh] Etapa '00-update' completada.
--- Etapa: 10-users ---

--- Configuración de Usuarios y Grupos ---
--- Configuración de Usuarios y Grupos ---
[2026-03-16 00:51:06] [INFO] [10-users.sh] Creando grupo compartido: pi
[2026-03-16 00:51:06] [INFO] [10-users.sh] Creando grupo compartido: pi
[2026-03-16 00:51:06] [INFO] [utils.sh] Ejecutando: groupadd pi
[2026-03-16 00:51:06] [INFO] [utils.sh] Ejecutando: groupadd pi
  [DRY-RUN] groupadd pi
[2026-03-16 00:51:06] [INFO] [10-users.sh] Creando usuario del sistema: pi
[2026-03-16 00:51:06] [INFO] [10-users.sh] Creando usuario del sistema: pi
[2026-03-16 00:51:06] [INFO] [utils.sh] Ejecutando: useradd -m -s /bin/bash -G sudo,video,users pi
[2026-03-16 00:51:06] [INFO] [utils.sh] Ejecutando: useradd -m -s /bin/bash -G sudo,video,users pi
  [DRY-RUN] useradd -m -s /bin/bash -G sudo,video,users pi
[2026-03-16 00:51:06] [INFO] [10-users.sh] Actualizando contraseña para pi...
[2026-03-16 00:51:06] [INFO] [10-users.sh] Actualizando contraseña para pi...
[2026-03-16 00:51:06] [INFO] [utils.sh] Aplicando contraseña
[2026-03-16 00:51:06] [INFO] [utils.sh] Aplicando contraseña
  [DRY-RUN] chpasswd
[2026-03-16 00:51:06] [INFO] [10-users.sh] Añadiendo 'pi' a grupos necesarios...
[2026-03-16 00:51:06] [INFO] [10-users.sh] Añadiendo 'pi' a grupos necesarios...
id: «pi»: no existe ese usuario
[2026-03-16 00:51:06] [INFO] [utils.sh] Añadiendo a grupo: sudo
[2026-03-16 00:51:06] [INFO] [utils.sh] Añadiendo a grupo: sudo
  [DRY-RUN] usermod -aG sudo pi
id: «pi»: no existe ese usuario
[2026-03-16 00:51:06] [INFO] [utils.sh] Añadiendo a grupo: video
[2026-03-16 00:51:06] [INFO] [utils.sh] Añadiendo a grupo: video
  [DRY-RUN] usermod -aG video pi
id: «pi»: no existe ese usuario
[2026-03-16 00:51:06] [INFO] [utils.sh] Añadiendo a grupo: users
[2026-03-16 00:51:06] [INFO] [utils.sh] Añadiendo a grupo: users
  [DRY-RUN] usermod -aG users pi
[2026-03-16 00:51:06] [WARN] [10-users.sh] El grupo 'pi' no existe en el sistema. Omitiendo.
[2026-03-16 00:51:06] [WARN] [10-users.sh] El grupo 'pi' no existe en el sistema. Omitiendo.
[2026-03-16 00:51:06] [OK] [10-users.sh] Configuración de usuarios finalizada.
[2026-03-16 00:51:06] [OK] [10-users.sh] Configuración de usuarios finalizada.
[2026-03-16 00:51:06] [INFO] [10-users.sh] NOTA: Si has cambiado tus propios grupos, necesitarás cerrar sesión y volver a entrar.
[2026-03-16 00:51:06] [INFO] [10-users.sh] NOTA: Si has cambiado tus propios grupos, necesitarás cerrar sesión y volver a entrar.
[2026-03-16 00:51:06] [OK] [install.sh] Etapa '10-users' completada.
--- Etapa: 20-storage ---

--- Configuración de Almacenamiento y Permisos ---
--- Configuración de Almacenamiento y Permisos ---
[2026-03-16 00:51:07] [INFO] [utils.sh] Creando backup de fstab
[2026-03-16 00:51:07] [INFO] [utils.sh] Creando backup de fstab
  [DRY-RUN] cp /etc/fstab /etc/fstab.bak
[2026-03-16 00:51:07] [INFO] [20-storage.sh] Leyendo configuración de discos...
[2026-03-16 00:51:07] [INFO] [20-storage.sh] Leyendo configuración de discos...
[2026-03-16 00:51:07] [INFO] [20-storage.sh] Procesando disco: WDElements (13a9b327-da1c-4b7a-8eeb-bdd3993bad7d)
[2026-03-16 00:51:07] [INFO] [20-storage.sh] Procesando disco: WDElements (13a9b327-da1c-4b7a-8eeb-bdd3993bad7d)
[2026-03-16 00:51:07] [INFO] [utils.sh] Creando punto de montaje /media/WDElements
[2026-03-16 00:51:07] [INFO] [utils.sh] Creando punto de montaje /media/WDElements
  [DRY-RUN] mkdir -p /media/WDElements
[2026-03-16 00:51:07] [INFO] [20-storage.sh]   -> Añadiendo entrada a fstab...
[2026-03-16 00:51:07] [INFO] [20-storage.sh]   -> Añadiendo entrada a fstab...
[2026-03-16 00:51:07] [INFO] [utils.sh] Ejecutando: tee -a /etc/fstab
[2026-03-16 00:51:07] [INFO] [utils.sh] Ejecutando: tee -a /etc/fstab
  [DRY-RUN] tee -a /etc/fstab
[2026-03-16 00:51:07] [INFO] [20-storage.sh] Procesando disco: DiscoDuro (1601eb8d-43d1-4ee4-974e-82466c4c945b)
[2026-03-16 00:51:07] [INFO] [20-storage.sh] Procesando disco: DiscoDuro (1601eb8d-43d1-4ee4-974e-82466c4c945b)
[2026-03-16 00:51:07] [INFO] [utils.sh] Creando punto de montaje /media/DiscoDuro
[2026-03-16 00:51:07] [INFO] [utils.sh] Creando punto de montaje /media/DiscoDuro
  [DRY-RUN] mkdir -p /media/DiscoDuro
[2026-03-16 00:51:07] [INFO] [20-storage.sh]   -> Añadiendo entrada a fstab...
[2026-03-16 00:51:07] [INFO] [20-storage.sh]   -> Añadiendo entrada a fstab...
[2026-03-16 00:51:07] [INFO] [utils.sh] Ejecutando: tee -a /etc/fstab
[2026-03-16 00:51:07] [INFO] [utils.sh] Ejecutando: tee -a /etc/fstab
  [DRY-RUN] tee -a /etc/fstab
[2026-03-16 00:51:07] [INFO] [20-storage.sh] Procesando disco: Backup (78304c4a-7a44-470a-872e-0eeef941b35c)
[2026-03-16 00:51:07] [INFO] [20-storage.sh] Procesando disco: Backup (78304c4a-7a44-470a-872e-0eeef941b35c)
[2026-03-16 00:51:07] [INFO] [utils.sh] Creando punto de montaje /media/Backup
[2026-03-16 00:51:07] [INFO] [utils.sh] Creando punto de montaje /media/Backup
  [DRY-RUN] mkdir -p /media/Backup
[2026-03-16 00:51:07] [INFO] [20-storage.sh]   -> Añadiendo entrada a fstab...
[2026-03-16 00:51:07] [INFO] [20-storage.sh]   -> Añadiendo entrada a fstab...
[2026-03-16 00:51:07] [INFO] [utils.sh] Ejecutando: tee -a /etc/fstab
[2026-03-16 00:51:07] [INFO] [utils.sh] Ejecutando: tee -a /etc/fstab
  [DRY-RUN] tee -a /etc/fstab
[2026-03-16 00:51:07] [INFO] [20-storage.sh] Recargando sistema de archivos...
[2026-03-16 00:51:07] [INFO] [20-storage.sh] Recargando sistema de archivos...
[2026-03-16 00:51:07] [INFO] [utils.sh] Ejecutando: systemctl daemon-reload
[2026-03-16 00:51:07] [INFO] [utils.sh] Ejecutando: systemctl daemon-reload
  [DRY-RUN] systemctl daemon-reload
[2026-03-16 00:51:07] [INFO] [utils.sh] Ejecutando: mount -a
[2026-03-16 00:51:07] [INFO] [utils.sh] Ejecutando: mount -a
  [DRY-RUN] mount -a

--- Estandarización de Permisos (pi:pi) ---
--- Estandarización de Permisos (pi:pi) ---
[2026-03-16 00:51:07] [INFO] [utils.sh] Creando grupo pi
[2026-03-16 00:51:07] [INFO] [utils.sh] Creando grupo pi
  [DRY-RUN] groupadd pi
[2026-03-16 00:51:07] [INFO] [utils.sh] Creando usuario sistema pi
[2026-03-16 00:51:07] [INFO] [utils.sh] Creando usuario sistema pi
  [DRY-RUN] useradd -r -s /bin/false -g pi pi
[2026-03-16 00:51:07] [INFO] [20-storage.sh] Creando directorio faltante: /media/WDElements/Series
[2026-03-16 00:51:07] [INFO] [20-storage.sh] Creando directorio faltante: /media/WDElements/Series
[2026-03-16 00:51:07] [INFO] [utils.sh] Ejecutando: mkdir -p /media/WDElements/Series
[2026-03-16 00:51:07] [INFO] [utils.sh] Ejecutando: mkdir -p /media/WDElements/Series
  [DRY-RUN] mkdir -p /media/WDElements/Series
[2026-03-16 00:51:07] [INFO] [20-storage.sh] Corrigiendo permisos en: /media/WDElements/Series
[2026-03-16 00:51:07] [INFO] [20-storage.sh] Corrigiendo permisos en: /media/WDElements/Series
[2026-03-16 00:51:07] [INFO] [utils.sh] Ejecutando: chown -R pi:pi /media/WDElements/Series
[2026-03-16 00:51:07] [INFO] [utils.sh] Ejecutando: chown -R pi:pi /media/WDElements/Series
  [DRY-RUN] chown -R pi:pi /media/WDElements/Series
[2026-03-16 00:51:07] [INFO] [utils.sh] Ejecutando: chmod -R 775 /media/WDElements/Series
[2026-03-16 00:51:07] [INFO] [utils.sh] Ejecutando: chmod -R 775 /media/WDElements/Series
  [DRY-RUN] chmod -R 775 /media/WDElements/Series
[2026-03-16 00:51:07] [INFO] [20-storage.sh] Creando directorio faltante: /media/WDElements/Peliculas
[2026-03-16 00:51:07] [INFO] [20-storage.sh] Creando directorio faltante: /media/WDElements/Peliculas
[2026-03-16 00:51:07] [INFO] [utils.sh] Ejecutando: mkdir -p /media/WDElements/Peliculas
[2026-03-16 00:51:07] [INFO] [utils.sh] Ejecutando: mkdir -p /media/WDElements/Peliculas
  [DRY-RUN] mkdir -p /media/WDElements/Peliculas
[2026-03-16 00:51:07] [INFO] [20-storage.sh] Corrigiendo permisos en: /media/WDElements/Peliculas
[2026-03-16 00:51:07] [INFO] [20-storage.sh] Corrigiendo permisos en: /media/WDElements/Peliculas
[2026-03-16 00:51:07] [INFO] [utils.sh] Ejecutando: chown -R pi:pi /media/WDElements/Peliculas
[2026-03-16 00:51:07] [INFO] [utils.sh] Ejecutando: chown -R pi:pi /media/WDElements/Peliculas
  [DRY-RUN] chown -R pi:pi /media/WDElements/Peliculas
[2026-03-16 00:51:07] [INFO] [utils.sh] Ejecutando: chmod -R 775 /media/WDElements/Peliculas
[2026-03-16 00:51:07] [INFO] [utils.sh] Ejecutando: chmod -R 775 /media/WDElements/Peliculas
  [DRY-RUN] chmod -R 775 /media/WDElements/Peliculas
[2026-03-16 00:51:07] [INFO] [20-storage.sh] Creando directorio faltante: /media/WDElements/Musica
[2026-03-16 00:51:07] [INFO] [20-storage.sh] Creando directorio faltante: /media/WDElements/Musica
[2026-03-16 00:51:07] [INFO] [utils.sh] Ejecutando: mkdir -p /media/WDElements/Musica
[2026-03-16 00:51:07] [INFO] [utils.sh] Ejecutando: mkdir -p /media/WDElements/Musica
  [DRY-RUN] mkdir -p /media/WDElements/Musica
[2026-03-16 00:51:07] [INFO] [20-storage.sh] Corrigiendo permisos en: /media/WDElements/Musica
[2026-03-16 00:51:07] [INFO] [20-storage.sh] Corrigiendo permisos en: /media/WDElements/Musica
[2026-03-16 00:51:07] [INFO] [utils.sh] Ejecutando: chown -R pi:pi /media/WDElements/Musica
[2026-03-16 00:51:07] [INFO] [utils.sh] Ejecutando: chown -R pi:pi /media/WDElements/Musica
  [DRY-RUN] chown -R pi:pi /media/WDElements/Musica
[2026-03-16 00:51:07] [INFO] [utils.sh] Ejecutando: chmod -R 775 /media/WDElements/Musica
[2026-03-16 00:51:07] [INFO] [utils.sh] Ejecutando: chmod -R 775 /media/WDElements/Musica
  [DRY-RUN] chmod -R 775 /media/WDElements/Musica
[2026-03-16 00:51:07] [INFO] [20-storage.sh] Creando directorio faltante: /media/WDElements/Libros
[2026-03-16 00:51:07] [INFO] [20-storage.sh] Creando directorio faltante: /media/WDElements/Libros
[2026-03-16 00:51:08] [INFO] [utils.sh] Ejecutando: mkdir -p /media/WDElements/Libros
[2026-03-16 00:51:08] [INFO] [utils.sh] Ejecutando: mkdir -p /media/WDElements/Libros
  [DRY-RUN] mkdir -p /media/WDElements/Libros
[2026-03-16 00:51:08] [INFO] [20-storage.sh] Corrigiendo permisos en: /media/WDElements/Libros
[2026-03-16 00:51:08] [INFO] [20-storage.sh] Corrigiendo permisos en: /media/WDElements/Libros
[2026-03-16 00:51:08] [INFO] [utils.sh] Ejecutando: chown -R pi:pi /media/WDElements/Libros
[2026-03-16 00:51:08] [INFO] [utils.sh] Ejecutando: chown -R pi:pi /media/WDElements/Libros
  [DRY-RUN] chown -R pi:pi /media/WDElements/Libros
[2026-03-16 00:51:08] [INFO] [utils.sh] Ejecutando: chmod -R 775 /media/WDElements/Libros
[2026-03-16 00:51:08] [INFO] [utils.sh] Ejecutando: chmod -R 775 /media/WDElements/Libros
  [DRY-RUN] chmod -R 775 /media/WDElements/Libros
[2026-03-16 00:51:08] [INFO] [20-storage.sh] Creando directorio faltante: /media/DiscoDuro/completo
[2026-03-16 00:51:08] [INFO] [20-storage.sh] Creando directorio faltante: /media/DiscoDuro/completo
[2026-03-16 00:51:08] [INFO] [utils.sh] Ejecutando: mkdir -p /media/DiscoDuro/completo
[2026-03-16 00:51:08] [INFO] [utils.sh] Ejecutando: mkdir -p /media/DiscoDuro/completo
  [DRY-RUN] mkdir -p /media/DiscoDuro/completo
[2026-03-16 00:51:08] [INFO] [20-storage.sh] Corrigiendo permisos en: /media/DiscoDuro/completo
[2026-03-16 00:51:08] [INFO] [20-storage.sh] Corrigiendo permisos en: /media/DiscoDuro/completo
[2026-03-16 00:51:08] [INFO] [utils.sh] Ejecutando: chown -R pi:pi /media/DiscoDuro/completo
[2026-03-16 00:51:08] [INFO] [utils.sh] Ejecutando: chown -R pi:pi /media/DiscoDuro/completo
  [DRY-RUN] chown -R pi:pi /media/DiscoDuro/completo
[2026-03-16 00:51:08] [INFO] [utils.sh] Ejecutando: chmod -R 775 /media/DiscoDuro/completo
[2026-03-16 00:51:08] [INFO] [utils.sh] Ejecutando: chmod -R 775 /media/DiscoDuro/completo
  [DRY-RUN] chmod -R 775 /media/DiscoDuro/completo
[2026-03-16 00:51:08] [OK] [20-storage.sh] Discos montados y estructura de carpetas configurada correctamente.
[2026-03-16 00:51:08] [OK] [20-storage.sh] Discos montados y estructura de carpetas configurada correctamente.
[2026-03-16 00:51:08] [OK] [install.sh] Etapa '20-storage' completada.
--- Etapa: firewall ---
[2026-03-16 00:51:08] [INFO] [firewall.sh] Subred detectada: 192.168.1.147/24
[2026-03-16 00:51:08] [INFO] [firewall.sh] Subred detectada: 192.168.1.147/24

--- Hardening de Red (Firewall UFW) ---
--- Hardening de Red (Firewall UFW) ---
[2026-03-16 00:51:08] [INFO] [firewall.sh] Estado previo: Reseteando reglas...
[2026-03-16 00:51:08] [INFO] [firewall.sh] Estado previo: Reseteando reglas...
[2026-03-16 00:51:08] [INFO] [firewall.sh] Política base: Cerrar todo, permitir salida.
[2026-03-16 00:51:08] [INFO] [firewall.sh] Política base: Cerrar todo, permitir salida.
La política incoming predeterminada cambió a «deny»
(asegúrese de actualizar sus reglas consecuentemente)
La política outgoing predeterminada cambió a «allow»
(asegúrese de actualizar sus reglas consecuentemente)

 -> Zona de Administración (SSH)
 -> Zona de Administración (SSH)
[2026-03-16 00:51:08] [INFO] [firewall.sh] Configurando SSH en puerto 22 (Restringido a LAN)...
[2026-03-16 00:51:08] [INFO] [firewall.sh] Configurando SSH en puerto 22 (Restringido a LAN)...
WARN: Se cambió una regla tras la normalización

 -> Zona Pública (P2P y Streaming)
 -> Zona Pública (P2P y Streaming)
[2026-03-16 00:51:09] [INFO] [firewall.sh] Configurando P2P (Transmission Peers)...
[2026-03-16 00:51:09] [INFO] [firewall.sh] Configurando P2P (Transmission Peers)...
Reglas actualizadas
Reglas actualizadas (v6)
Reglas actualizadas
Reglas actualizadas (v6)
[2026-03-16 00:51:09] [INFO] [firewall.sh] Configurando Plex Streaming...
[2026-03-16 00:51:09] [INFO] [firewall.sh] Configurando Plex Streaming...
Reglas actualizadas
Reglas actualizadas (v6)
Reglas actualizadas
Reglas actualizadas (v6)
Reglas actualizadas
Reglas actualizadas (v6)

 -> Zona Privada (Solo LAN/VPN)
 -> Zona Privada (Solo LAN/VPN)
[2026-03-16 00:51:10] [INFO] [firewall.sh]   -> Abriendo 10000/tcp solo para LAN (Webmin Admin)...
[2026-03-16 00:51:10] [INFO] [firewall.sh]   -> Abriendo 10000/tcp solo para LAN (Webmin Admin)...
WARN: Se cambió una regla tras la normalización
[2026-03-16 00:51:11] [INFO] [firewall.sh]   -> Configurando Samba y Rsync (LAN)...
[2026-03-16 00:51:11] [INFO] [firewall.sh]   -> Configurando Samba y Rsync (LAN)...
ERROR: No se pudo encontrar un perfil que coincida con «Samba»
[2026-03-16 00:51:11] [ERROR] [install.sh] FALLO CRÍTICO en etapa 'firewall' (Exit Code: 1).
[2026-03-16 00:51:11] [ERROR] [install.sh] Revisa el log: /mnt/Datos/Documentos/Repos/confiraspa V2/logs/install_20260316_005106.log
