
=== Iniciando Confiraspa Framework v2.3 ===
[2026-03-16 11:43:32] [INFO] [install.sh] IP Detectada: 192.168.1.147
[2026-03-16 11:43:32] [INFO] [install.sh] Log de sesión: /mnt/Datos/Documentos/Repos/confiraspa V2/logs/install_20260316_114332.log
--- Etapa: 00-update ---

--- Actualización del Sistema y Parches de Seguridad ---
--- Actualización del Sistema y Parches de Seguridad ---
[2026-03-16 11:43:32] [INFO] [00-update.sh] Actualizando repositorios y paquetes del sistema...
[2026-03-16 11:43:32] [INFO] [00-update.sh] Actualizando repositorios y paquetes del sistema...
[2026-03-16 11:43:32] [INFO] [utils.sh] Actualizando lista de paquetes
[2026-03-16 11:43:32] [INFO] [utils.sh] Actualizando lista de paquetes
  [DRY-RUN] apt-get update -qq
[2026-03-16 11:43:32] [INFO] [utils.sh] Aplicando actualizaciones pendientes
[2026-03-16 11:43:32] [INFO] [utils.sh] Aplicando actualizaciones pendientes
  [DRY-RUN] apt-get upgrade -y -qq -o Dpkg::Options::=--force-confdef -o Dpkg::Options::=--force-confold
[2026-03-16 11:43:32] [INFO] [utils.sh] Aplicando actualizaciones de distribución
[2026-03-16 11:43:32] [INFO] [utils.sh] Aplicando actualizaciones de distribución
  [DRY-RUN] apt-get dist-upgrade -y -qq -o Dpkg::Options::=--force-confdef -o Dpkg::Options::=--force-confold
[2026-03-16 11:43:32] [INFO] [utils.sh] Eliminando dependencias huérfanas
[2026-03-16 11:43:32] [INFO] [utils.sh] Eliminando dependencias huérfanas
  [DRY-RUN] apt-get autoremove -y
[2026-03-16 11:43:32] [INFO] [utils.sh] Limpiando caché de apt
[2026-03-16 11:43:32] [INFO] [utils.sh] Limpiando caché de apt
  [DRY-RUN] apt-get clean
[2026-03-16 11:43:32] [INFO] [00-update.sh] Configurando actualizaciones automáticas de seguridad...
[2026-03-16 11:43:32] [INFO] [00-update.sh] Configurando actualizaciones automáticas de seguridad...
[2026-03-16 11:43:32] [INFO] [utils.sh] Actualizando índices de APT (Lazy Update)...
[2026-03-16 11:43:32] [INFO] [utils.sh] Actualizando índices de APT (Lazy Update)...
[2026-03-16 11:43:32] [INFO] [utils.sh] Ejecutando: apt-get update -qq
[2026-03-16 11:43:32] [INFO] [utils.sh] Ejecutando: apt-get update -qq
  [DRY-RUN] apt-get update -qq
[2026-03-16 11:43:32] [INFO] [utils.sh] Instalando dependencia: apt-listchanges...
[2026-03-16 11:43:32] [INFO] [utils.sh] Instalando dependencia: apt-listchanges...
[2026-03-16 11:43:32] [INFO] [utils.sh] Instalación de apt-listchanges
[2026-03-16 11:43:32] [INFO] [utils.sh] Instalación de apt-listchanges
  [DRY-RUN] apt-get install -y -qq apt-listchanges
[2026-03-16 11:43:32] [INFO] [00-update.sh] Generando configuración en: /etc/apt/apt.conf.d/52confiraspa-unattended
[2026-03-16 11:43:32] [INFO] [00-update.sh] Generando configuración en: /etc/apt/apt.conf.d/52confiraspa-unattended
[2026-03-16 11:43:32] [INFO] [utils.sh] Ejecutando: tee /etc/apt/apt.conf.d/52confiraspa-unattended
[2026-03-16 11:43:32] [INFO] [utils.sh] Ejecutando: tee /etc/apt/apt.conf.d/52confiraspa-unattended
  [DRY-RUN] tee /etc/apt/apt.conf.d/52confiraspa-unattended
[2026-03-16 11:43:32] [INFO] [00-update.sh] Configurando frecuencia diaria en: /etc/apt/apt.conf.d/20auto-upgrades
[2026-03-16 11:43:32] [INFO] [00-update.sh] Configurando frecuencia diaria en: /etc/apt/apt.conf.d/20auto-upgrades
[2026-03-16 11:43:32] [INFO] [utils.sh] Ejecutando: tee /etc/apt/apt.conf.d/20auto-upgrades
[2026-03-16 11:43:32] [INFO] [utils.sh] Ejecutando: tee /etc/apt/apt.conf.d/20auto-upgrades
  [DRY-RUN] tee /etc/apt/apt.conf.d/20auto-upgrades
[2026-03-16 11:43:32] [INFO] [00-update.sh] Verificando configuración de unattended-upgrades...
[2026-03-16 11:43:32] [INFO] [00-update.sh] Verificando configuración de unattended-upgrades...
[2026-03-16 11:43:32] [INFO] [utils.sh] Test de configuración unattended-upgrades
[2026-03-16 11:43:32] [INFO] [utils.sh] Test de configuración unattended-upgrades
[2026-03-16 11:43:32] [WARN] [utils.sh] [DRY-RUN] Validación omitida (archivo no escrito): unattended-upgrade --dry-run --debug
[2026-03-16 11:43:32] [WARN] [utils.sh] [DRY-RUN] Validación omitida (archivo no escrito): unattended-upgrade --dry-run --debug
[2026-03-16 11:43:32] [OK] [00-update.sh] Sistema actualizado y actualizaciones automáticas configuradas.
[2026-03-16 11:43:32] [OK] [00-update.sh] Sistema actualizado y actualizaciones automáticas configuradas.
[2026-03-16 11:43:32] [OK] [install.sh] Etapa '00-update' completada.
--- Etapa: 10-users ---

--- Configuración de Usuarios y Grupos ---
--- Configuración de Usuarios y Grupos ---
[2026-03-16 11:43:32] [INFO] [10-users.sh] Creando grupo compartido: media
[2026-03-16 11:43:32] [INFO] [10-users.sh] Creando grupo compartido: media
[2026-03-16 11:43:32] [INFO] [utils.sh] Ejecutando: groupadd media
[2026-03-16 11:43:32] [INFO] [utils.sh] Ejecutando: groupadd media
  [DRY-RUN] groupadd media
[2026-03-16 11:43:32] [INFO] [10-users.sh] Creando usuario del sistema: pi
[2026-03-16 11:43:32] [INFO] [10-users.sh] Creando usuario del sistema: pi
[2026-03-16 11:43:32] [INFO] [utils.sh] Ejecutando: useradd -m -s /bin/bash -G sudo,video,users pi
[2026-03-16 11:43:32] [INFO] [utils.sh] Ejecutando: useradd -m -s /bin/bash -G sudo,video,users pi
  [DRY-RUN] useradd -m -s /bin/bash -G sudo,video,users pi
[2026-03-16 11:43:32] [INFO] [10-users.sh] Actualizando contraseña para pi...
[2026-03-16 11:43:32] [INFO] [10-users.sh] Actualizando contraseña para pi...
[2026-03-16 11:43:32] [INFO] [utils.sh] Aplicando contraseña
[2026-03-16 11:43:32] [INFO] [utils.sh] Aplicando contraseña
  [DRY-RUN] chpasswd
[2026-03-16 11:43:32] [INFO] [10-users.sh] Añadiendo 'pi' a grupos necesarios...
[2026-03-16 11:43:32] [INFO] [10-users.sh] Añadiendo 'pi' a grupos necesarios...
id: «pi»: no existe ese usuario
[2026-03-16 11:43:32] [INFO] [utils.sh] Añadiendo a grupo: sudo
[2026-03-16 11:43:32] [INFO] [utils.sh] Añadiendo a grupo: sudo
  [DRY-RUN] usermod -aG sudo pi
id: «pi»: no existe ese usuario
[2026-03-16 11:43:32] [INFO] [utils.sh] Añadiendo a grupo: video
[2026-03-16 11:43:32] [INFO] [utils.sh] Añadiendo a grupo: video
  [DRY-RUN] usermod -aG video pi
id: «pi»: no existe ese usuario
[2026-03-16 11:43:32] [INFO] [utils.sh] Añadiendo a grupo: users
[2026-03-16 11:43:32] [INFO] [utils.sh] Añadiendo a grupo: users
  [DRY-RUN] usermod -aG users pi
[2026-03-16 11:43:32] [WARN] [10-users.sh] El grupo 'media' no existe en el sistema. Omitiendo.
[2026-03-16 11:43:32] [WARN] [10-users.sh] El grupo 'media' no existe en el sistema. Omitiendo.
[2026-03-16 11:43:32] [OK] [10-users.sh] Configuración de usuarios finalizada.
[2026-03-16 11:43:32] [OK] [10-users.sh] Configuración de usuarios finalizada.
[2026-03-16 11:43:32] [INFO] [10-users.sh] NOTA: Si has cambiado tus propios grupos, necesitarás cerrar sesión y volver a entrar.
[2026-03-16 11:43:32] [INFO] [10-users.sh] NOTA: Si has cambiado tus propios grupos, necesitarás cerrar sesión y volver a entrar.
[2026-03-16 11:43:32] [OK] [install.sh] Etapa '10-users' completada.
--- Etapa: 20-storage ---

--- Configuración de Almacenamiento y Permisos ---
--- Configuración de Almacenamiento y Permisos ---
[2026-03-16 11:43:32] [INFO] [utils.sh] Creando backup de fstab
[2026-03-16 11:43:32] [INFO] [utils.sh] Creando backup de fstab
  [DRY-RUN] cp /etc/fstab /etc/fstab.bak
[2026-03-16 11:43:32] [INFO] [20-storage.sh] Leyendo configuración de discos...
[2026-03-16 11:43:32] [INFO] [20-storage.sh] Leyendo configuración de discos...
[2026-03-16 11:43:32] [INFO] [20-storage.sh] Procesando disco: WDElements (13a9b327-da1c-4b7a-8eeb-bdd3993bad7d)
[2026-03-16 11:43:32] [INFO] [20-storage.sh] Procesando disco: WDElements (13a9b327-da1c-4b7a-8eeb-bdd3993bad7d)
[2026-03-16 11:43:32] [INFO] [utils.sh] Creando punto de montaje /media/WDElements
[2026-03-16 11:43:32] [INFO] [utils.sh] Creando punto de montaje /media/WDElements
  [DRY-RUN] mkdir -p /media/WDElements
[2026-03-16 11:43:32] [INFO] [20-storage.sh]   -> Añadiendo entrada a fstab...
[2026-03-16 11:43:32] [INFO] [20-storage.sh]   -> Añadiendo entrada a fstab...
[2026-03-16 11:43:32] [INFO] [utils.sh] Ejecutando: tee -a /etc/fstab
[2026-03-16 11:43:32] [INFO] [utils.sh] Ejecutando: tee -a /etc/fstab
  [DRY-RUN] tee -a /etc/fstab
[2026-03-16 11:43:32] [INFO] [20-storage.sh] Procesando disco: DiscoDuro (1601eb8d-43d1-4ee4-974e-82466c4c945b)
[2026-03-16 11:43:32] [INFO] [20-storage.sh] Procesando disco: DiscoDuro (1601eb8d-43d1-4ee4-974e-82466c4c945b)
[2026-03-16 11:43:32] [INFO] [20-storage.sh]   -> Añadiendo entrada a fstab...
[2026-03-16 11:43:32] [INFO] [20-storage.sh]   -> Añadiendo entrada a fstab...
[2026-03-16 11:43:32] [INFO] [utils.sh] Ejecutando: tee -a /etc/fstab
[2026-03-16 11:43:32] [INFO] [utils.sh] Ejecutando: tee -a /etc/fstab
  [DRY-RUN] tee -a /etc/fstab
[2026-03-16 11:43:33] [INFO] [20-storage.sh] Procesando disco: Backup (78304c4a-7a44-470a-872e-0eeef941b35c)
[2026-03-16 11:43:33] [INFO] [20-storage.sh] Procesando disco: Backup (78304c4a-7a44-470a-872e-0eeef941b35c)
[2026-03-16 11:43:33] [INFO] [utils.sh] Creando punto de montaje /media/Backup
[2026-03-16 11:43:33] [INFO] [utils.sh] Creando punto de montaje /media/Backup
  [DRY-RUN] mkdir -p /media/Backup
[2026-03-16 11:43:33] [INFO] [20-storage.sh]   -> Añadiendo entrada a fstab...
[2026-03-16 11:43:33] [INFO] [20-storage.sh]   -> Añadiendo entrada a fstab...
[2026-03-16 11:43:33] [INFO] [utils.sh] Ejecutando: tee -a /etc/fstab
[2026-03-16 11:43:33] [INFO] [utils.sh] Ejecutando: tee -a /etc/fstab
  [DRY-RUN] tee -a /etc/fstab
[2026-03-16 11:43:33] [INFO] [20-storage.sh] Recargando sistema de archivos...
[2026-03-16 11:43:33] [INFO] [20-storage.sh] Recargando sistema de archivos...
[2026-03-16 11:43:33] [INFO] [utils.sh] Ejecutando: systemctl daemon-reload
[2026-03-16 11:43:33] [INFO] [utils.sh] Ejecutando: systemctl daemon-reload
  [DRY-RUN] systemctl daemon-reload
[2026-03-16 11:43:33] [INFO] [utils.sh] Ejecutando: mount -a
[2026-03-16 11:43:33] [INFO] [utils.sh] Ejecutando: mount -a
  [DRY-RUN] mount -a

--- Estandarización de Permisos (media:media) ---
--- Estandarización de Permisos (media:media) ---
[2026-03-16 11:43:33] [INFO] [utils.sh] Creando grupo media
[2026-03-16 11:43:33] [INFO] [utils.sh] Creando grupo media
  [DRY-RUN] groupadd media
[2026-03-16 11:43:33] [INFO] [utils.sh] Creando usuario sistema media
[2026-03-16 11:43:33] [INFO] [utils.sh] Creando usuario sistema media
  [DRY-RUN] useradd -r -s /bin/false -g media media
[2026-03-16 11:43:33] [INFO] [20-storage.sh] Creando directorio faltante: /media/WDElements/Series
[2026-03-16 11:43:33] [INFO] [20-storage.sh] Creando directorio faltante: /media/WDElements/Series
[2026-03-16 11:43:33] [INFO] [utils.sh] Ejecutando: mkdir -p /media/WDElements/Series
[2026-03-16 11:43:33] [INFO] [utils.sh] Ejecutando: mkdir -p /media/WDElements/Series
  [DRY-RUN] mkdir -p /media/WDElements/Series
[2026-03-16 11:43:33] [INFO] [20-storage.sh] Corrigiendo permisos en: /media/WDElements/Series
[2026-03-16 11:43:33] [INFO] [20-storage.sh] Corrigiendo permisos en: /media/WDElements/Series
[2026-03-16 11:43:33] [INFO] [utils.sh] Ejecutando: chown -R media:media /media/WDElements/Series
[2026-03-16 11:43:33] [INFO] [utils.sh] Ejecutando: chown -R media:media /media/WDElements/Series
  [DRY-RUN] chown -R media:media /media/WDElements/Series
[2026-03-16 11:43:33] [INFO] [utils.sh] Ejecutando: chmod -R 775 /media/WDElements/Series
[2026-03-16 11:43:33] [INFO] [utils.sh] Ejecutando: chmod -R 775 /media/WDElements/Series
  [DRY-RUN] chmod -R 775 /media/WDElements/Series
[2026-03-16 11:43:33] [INFO] [20-storage.sh] Creando directorio faltante: /media/WDElements/Peliculas
[2026-03-16 11:43:33] [INFO] [20-storage.sh] Creando directorio faltante: /media/WDElements/Peliculas
[2026-03-16 11:43:33] [INFO] [utils.sh] Ejecutando: mkdir -p /media/WDElements/Peliculas
[2026-03-16 11:43:33] [INFO] [utils.sh] Ejecutando: mkdir -p /media/WDElements/Peliculas
  [DRY-RUN] mkdir -p /media/WDElements/Peliculas
[2026-03-16 11:43:33] [INFO] [20-storage.sh] Corrigiendo permisos en: /media/WDElements/Peliculas
[2026-03-16 11:43:33] [INFO] [20-storage.sh] Corrigiendo permisos en: /media/WDElements/Peliculas
[2026-03-16 11:43:33] [INFO] [utils.sh] Ejecutando: chown -R media:media /media/WDElements/Peliculas
[2026-03-16 11:43:33] [INFO] [utils.sh] Ejecutando: chown -R media:media /media/WDElements/Peliculas
  [DRY-RUN] chown -R media:media /media/WDElements/Peliculas
[2026-03-16 11:43:33] [INFO] [utils.sh] Ejecutando: chmod -R 775 /media/WDElements/Peliculas
[2026-03-16 11:43:33] [INFO] [utils.sh] Ejecutando: chmod -R 775 /media/WDElements/Peliculas
  [DRY-RUN] chmod -R 775 /media/WDElements/Peliculas
[2026-03-16 11:43:33] [INFO] [20-storage.sh] Creando directorio faltante: /media/WDElements/Musica
[2026-03-16 11:43:33] [INFO] [20-storage.sh] Creando directorio faltante: /media/WDElements/Musica
[2026-03-16 11:43:33] [INFO] [utils.sh] Ejecutando: mkdir -p /media/WDElements/Musica
[2026-03-16 11:43:33] [INFO] [utils.sh] Ejecutando: mkdir -p /media/WDElements/Musica
  [DRY-RUN] mkdir -p /media/WDElements/Musica
[2026-03-16 11:43:33] [INFO] [20-storage.sh] Corrigiendo permisos en: /media/WDElements/Musica
[2026-03-16 11:43:33] [INFO] [20-storage.sh] Corrigiendo permisos en: /media/WDElements/Musica
[2026-03-16 11:43:33] [INFO] [utils.sh] Ejecutando: chown -R media:media /media/WDElements/Musica
[2026-03-16 11:43:33] [INFO] [utils.sh] Ejecutando: chown -R media:media /media/WDElements/Musica
  [DRY-RUN] chown -R media:media /media/WDElements/Musica
[2026-03-16 11:43:33] [INFO] [utils.sh] Ejecutando: chmod -R 775 /media/WDElements/Musica
[2026-03-16 11:43:33] [INFO] [utils.sh] Ejecutando: chmod -R 775 /media/WDElements/Musica
  [DRY-RUN] chmod -R 775 /media/WDElements/Musica
[2026-03-16 11:43:33] [INFO] [20-storage.sh] Creando directorio faltante: /media/WDElements/Libros
[2026-03-16 11:43:33] [INFO] [20-storage.sh] Creando directorio faltante: /media/WDElements/Libros
[2026-03-16 11:43:33] [INFO] [utils.sh] Ejecutando: mkdir -p /media/WDElements/Libros
[2026-03-16 11:43:33] [INFO] [utils.sh] Ejecutando: mkdir -p /media/WDElements/Libros
  [DRY-RUN] mkdir -p /media/WDElements/Libros
[2026-03-16 11:43:33] [INFO] [20-storage.sh] Corrigiendo permisos en: /media/WDElements/Libros
[2026-03-16 11:43:33] [INFO] [20-storage.sh] Corrigiendo permisos en: /media/WDElements/Libros
[2026-03-16 11:43:33] [INFO] [utils.sh] Ejecutando: chown -R media:media /media/WDElements/Libros
[2026-03-16 11:43:33] [INFO] [utils.sh] Ejecutando: chown -R media:media /media/WDElements/Libros
  [DRY-RUN] chown -R media:media /media/WDElements/Libros
[2026-03-16 11:43:33] [INFO] [utils.sh] Ejecutando: chmod -R 775 /media/WDElements/Libros
[2026-03-16 11:43:33] [INFO] [utils.sh] Ejecutando: chmod -R 775 /media/WDElements/Libros
  [DRY-RUN] chmod -R 775 /media/WDElements/Libros
[2026-03-16 11:43:33] [INFO] [20-storage.sh] Corrigiendo permisos en: /media/DiscoDuro/completo
[2026-03-16 11:43:33] [INFO] [20-storage.sh] Corrigiendo permisos en: /media/DiscoDuro/completo
[2026-03-16 11:43:33] [INFO] [utils.sh] Ejecutando: chown -R media:media /media/DiscoDuro/completo
[2026-03-16 11:43:33] [INFO] [utils.sh] Ejecutando: chown -R media:media /media/DiscoDuro/completo
  [DRY-RUN] chown -R media:media /media/DiscoDuro/completo
[2026-03-16 11:43:33] [INFO] [utils.sh] Ejecutando: chmod -R 775 /media/DiscoDuro/completo
[2026-03-16 11:43:33] [INFO] [utils.sh] Ejecutando: chmod -R 775 /media/DiscoDuro/completo
  [DRY-RUN] chmod -R 775 /media/DiscoDuro/completo
[2026-03-16 11:43:33] [OK] [20-storage.sh] Discos montados y estructura de carpetas configurada correctamente.
[2026-03-16 11:43:33] [OK] [20-storage.sh] Discos montados y estructura de carpetas configurada correctamente.
[2026-03-16 11:43:33] [OK] [install.sh] Etapa '20-storage' completada.
