
=== Iniciando Confiraspa Framework v2.3 ===
[2026-03-16 01:03:01] [INFO] [install.sh] IP Detectada: 192.168.1.147
[2026-03-16 01:03:01] [INFO] [install.sh] Log de sesión: /mnt/Datos/Documentos/Repos/confiraspa V2/logs/install_20260316_010301.log
--- Etapa: 00-update ---

--- Actualización del Sistema y Parches de Seguridad ---
--- Actualización del Sistema y Parches de Seguridad ---
[2026-03-16 01:03:01] [INFO] [00-update.sh] Actualizando repositorios y paquetes del sistema...
[2026-03-16 01:03:01] [INFO] [00-update.sh] Actualizando repositorios y paquetes del sistema...
[2026-03-16 01:03:01] [INFO] [utils.sh] Actualizando lista de paquetes
[2026-03-16 01:03:01] [INFO] [utils.sh] Actualizando lista de paquetes
  [DRY-RUN] apt-get update -qq
[2026-03-16 01:03:01] [INFO] [utils.sh] Aplicando actualizaciones pendientes
[2026-03-16 01:03:01] [INFO] [utils.sh] Aplicando actualizaciones pendientes
  [DRY-RUN] apt-get upgrade -y -qq -o Dpkg::Options::=--force-confdef -o Dpkg::Options::=--force-confold
[2026-03-16 01:03:01] [INFO] [utils.sh] Aplicando actualizaciones de distribución
[2026-03-16 01:03:01] [INFO] [utils.sh] Aplicando actualizaciones de distribución
  [DRY-RUN] apt-get dist-upgrade -y -qq -o Dpkg::Options::=--force-confdef -o Dpkg::Options::=--force-confold
[2026-03-16 01:03:01] [INFO] [utils.sh] Eliminando dependencias huérfanas
[2026-03-16 01:03:01] [INFO] [utils.sh] Eliminando dependencias huérfanas
  [DRY-RUN] apt-get autoremove -y
[2026-03-16 01:03:01] [INFO] [utils.sh] Limpiando caché de apt
[2026-03-16 01:03:01] [INFO] [utils.sh] Limpiando caché de apt
  [DRY-RUN] apt-get clean
[2026-03-16 01:03:01] [INFO] [00-update.sh] Configurando actualizaciones automáticas de seguridad...
[2026-03-16 01:03:01] [INFO] [00-update.sh] Configurando actualizaciones automáticas de seguridad...
[2026-03-16 01:03:01] [INFO] [utils.sh] Actualizando índices de APT (Lazy Update)...
[2026-03-16 01:03:01] [INFO] [utils.sh] Actualizando índices de APT (Lazy Update)...
[2026-03-16 01:03:01] [INFO] [utils.sh] Ejecutando: apt-get update -qq
[2026-03-16 01:03:01] [INFO] [utils.sh] Ejecutando: apt-get update -qq
  [DRY-RUN] apt-get update -qq
[2026-03-16 01:03:01] [INFO] [utils.sh] Instalando dependencia: apt-listchanges...
[2026-03-16 01:03:01] [INFO] [utils.sh] Instalando dependencia: apt-listchanges...
[2026-03-16 01:03:01] [INFO] [utils.sh] Instalación de apt-listchanges
[2026-03-16 01:03:01] [INFO] [utils.sh] Instalación de apt-listchanges
  [DRY-RUN] apt-get install -y -qq apt-listchanges
[2026-03-16 01:03:01] [INFO] [00-update.sh] Generando configuración en: /etc/apt/apt.conf.d/52confiraspa-unattended
[2026-03-16 01:03:01] [INFO] [00-update.sh] Generando configuración en: /etc/apt/apt.conf.d/52confiraspa-unattended
[2026-03-16 01:03:01] [INFO] [utils.sh] Ejecutando: tee /etc/apt/apt.conf.d/52confiraspa-unattended
[2026-03-16 01:03:01] [INFO] [utils.sh] Ejecutando: tee /etc/apt/apt.conf.d/52confiraspa-unattended
  [DRY-RUN] tee /etc/apt/apt.conf.d/52confiraspa-unattended
[2026-03-16 01:03:01] [INFO] [00-update.sh] Configurando frecuencia diaria en: /etc/apt/apt.conf.d/20auto-upgrades
[2026-03-16 01:03:01] [INFO] [00-update.sh] Configurando frecuencia diaria en: /etc/apt/apt.conf.d/20auto-upgrades
[2026-03-16 01:03:01] [INFO] [utils.sh] Ejecutando: tee /etc/apt/apt.conf.d/20auto-upgrades
[2026-03-16 01:03:01] [INFO] [utils.sh] Ejecutando: tee /etc/apt/apt.conf.d/20auto-upgrades
  [DRY-RUN] tee /etc/apt/apt.conf.d/20auto-upgrades
[2026-03-16 01:03:01] [INFO] [00-update.sh] Verificando configuración de unattended-upgrades...
[2026-03-16 01:03:01] [INFO] [00-update.sh] Verificando configuración de unattended-upgrades...
[2026-03-16 01:03:01] [INFO] [utils.sh] Test de configuración
[2026-03-16 01:03:01] [INFO] [utils.sh] Test de configuración
  [DRY-RUN] unattended-upgrade --dry-run --debug
[2026-03-16 01:03:01] [OK] [00-update.sh] Sistema actualizado y actualizaciones automáticas configuradas.
[2026-03-16 01:03:01] [OK] [00-update.sh] Sistema actualizado y actualizaciones automáticas configuradas.
[2026-03-16 01:03:01] [OK] [install.sh] Etapa '00-update' completada.
--- Etapa: 10-users ---

--- Configuración de Usuarios y Grupos ---
--- Configuración de Usuarios y Grupos ---
[2026-03-16 01:03:01] [INFO] [10-users.sh] Creando grupo compartido: media
[2026-03-16 01:03:01] [INFO] [10-users.sh] Creando grupo compartido: media
[2026-03-16 01:03:01] [INFO] [utils.sh] Ejecutando: groupadd media
[2026-03-16 01:03:01] [INFO] [utils.sh] Ejecutando: groupadd media
  [DRY-RUN] groupadd media
[2026-03-16 01:03:01] [INFO] [10-users.sh] Creando usuario del sistema: pi
[2026-03-16 01:03:01] [INFO] [10-users.sh] Creando usuario del sistema: pi
[2026-03-16 01:03:01] [INFO] [utils.sh] Ejecutando: useradd -m -s /bin/bash -G sudo,video,users pi
[2026-03-16 01:03:01] [INFO] [utils.sh] Ejecutando: useradd -m -s /bin/bash -G sudo,video,users pi
  [DRY-RUN] useradd -m -s /bin/bash -G sudo,video,users pi
[2026-03-16 01:03:01] [INFO] [10-users.sh] Actualizando contraseña para pi...
[2026-03-16 01:03:01] [INFO] [10-users.sh] Actualizando contraseña para pi...
[2026-03-16 01:03:01] [INFO] [utils.sh] Aplicando contraseña
[2026-03-16 01:03:01] [INFO] [utils.sh] Aplicando contraseña
  [DRY-RUN] chpasswd
[2026-03-16 01:03:01] [INFO] [10-users.sh] Añadiendo 'pi' a grupos necesarios...
[2026-03-16 01:03:01] [INFO] [10-users.sh] Añadiendo 'pi' a grupos necesarios...
id: «pi»: no existe ese usuario
[2026-03-16 01:03:01] [INFO] [utils.sh] Añadiendo a grupo: sudo
[2026-03-16 01:03:01] [INFO] [utils.sh] Añadiendo a grupo: sudo
  [DRY-RUN] usermod -aG sudo pi
id: «pi»: no existe ese usuario
[2026-03-16 01:03:01] [INFO] [utils.sh] Añadiendo a grupo: video
[2026-03-16 01:03:01] [INFO] [utils.sh] Añadiendo a grupo: video
  [DRY-RUN] usermod -aG video pi
id: «pi»: no existe ese usuario
[2026-03-16 01:03:01] [INFO] [utils.sh] Añadiendo a grupo: users
[2026-03-16 01:03:01] [INFO] [utils.sh] Añadiendo a grupo: users
  [DRY-RUN] usermod -aG users pi
[2026-03-16 01:03:01] [WARN] [10-users.sh] El grupo 'media' no existe en el sistema. Omitiendo.
[2026-03-16 01:03:01] [WARN] [10-users.sh] El grupo 'media' no existe en el sistema. Omitiendo.
[2026-03-16 01:03:01] [OK] [10-users.sh] Configuración de usuarios finalizada.
[2026-03-16 01:03:01] [OK] [10-users.sh] Configuración de usuarios finalizada.
[2026-03-16 01:03:01] [INFO] [10-users.sh] NOTA: Si has cambiado tus propios grupos, necesitarás cerrar sesión y volver a entrar.
[2026-03-16 01:03:01] [INFO] [10-users.sh] NOTA: Si has cambiado tus propios grupos, necesitarás cerrar sesión y volver a entrar.
[2026-03-16 01:03:01] [OK] [install.sh] Etapa '10-users' completada.
--- Etapa: 20-storage ---

--- Configuración de Almacenamiento y Permisos ---
--- Configuración de Almacenamiento y Permisos ---
[2026-03-16 01:03:02] [INFO] [utils.sh] Creando backup de fstab
[2026-03-16 01:03:02] [INFO] [utils.sh] Creando backup de fstab
  [DRY-RUN] cp /etc/fstab /etc/fstab.bak
[2026-03-16 01:03:02] [INFO] [20-storage.sh] Leyendo configuración de discos...
[2026-03-16 01:03:02] [INFO] [20-storage.sh] Leyendo configuración de discos...
[2026-03-16 01:03:02] [INFO] [20-storage.sh] Procesando disco: WDElements (13a9b327-da1c-4b7a-8eeb-bdd3993bad7d)
[2026-03-16 01:03:02] [INFO] [20-storage.sh] Procesando disco: WDElements (13a9b327-da1c-4b7a-8eeb-bdd3993bad7d)
[2026-03-16 01:03:02] [INFO] [utils.sh] Creando punto de montaje /media/WDElements
[2026-03-16 01:03:02] [INFO] [utils.sh] Creando punto de montaje /media/WDElements
  [DRY-RUN] mkdir -p /media/WDElements
[2026-03-16 01:03:02] [INFO] [20-storage.sh]   -> Añadiendo entrada a fstab...
[2026-03-16 01:03:02] [INFO] [20-storage.sh]   -> Añadiendo entrada a fstab...
[2026-03-16 01:03:02] [INFO] [utils.sh] Ejecutando: tee -a /etc/fstab
[2026-03-16 01:03:02] [INFO] [utils.sh] Ejecutando: tee -a /etc/fstab
  [DRY-RUN] tee -a /etc/fstab
[2026-03-16 01:03:02] [INFO] [20-storage.sh] Procesando disco: DiscoDuro (1601eb8d-43d1-4ee4-974e-82466c4c945b)
[2026-03-16 01:03:02] [INFO] [20-storage.sh] Procesando disco: DiscoDuro (1601eb8d-43d1-4ee4-974e-82466c4c945b)
[2026-03-16 01:03:02] [INFO] [utils.sh] Creando punto de montaje /media/DiscoDuro
[2026-03-16 01:03:02] [INFO] [utils.sh] Creando punto de montaje /media/DiscoDuro
  [DRY-RUN] mkdir -p /media/DiscoDuro
[2026-03-16 01:03:02] [INFO] [20-storage.sh]   -> Añadiendo entrada a fstab...
[2026-03-16 01:03:02] [INFO] [20-storage.sh]   -> Añadiendo entrada a fstab...
[2026-03-16 01:03:02] [INFO] [utils.sh] Ejecutando: tee -a /etc/fstab
[2026-03-16 01:03:02] [INFO] [utils.sh] Ejecutando: tee -a /etc/fstab
  [DRY-RUN] tee -a /etc/fstab
[2026-03-16 01:03:02] [INFO] [20-storage.sh] Procesando disco: Backup (78304c4a-7a44-470a-872e-0eeef941b35c)
[2026-03-16 01:03:02] [INFO] [20-storage.sh] Procesando disco: Backup (78304c4a-7a44-470a-872e-0eeef941b35c)
[2026-03-16 01:03:02] [INFO] [utils.sh] Creando punto de montaje /media/Backup
[2026-03-16 01:03:02] [INFO] [utils.sh] Creando punto de montaje /media/Backup
  [DRY-RUN] mkdir -p /media/Backup
[2026-03-16 01:03:02] [INFO] [20-storage.sh]   -> Añadiendo entrada a fstab...
[2026-03-16 01:03:02] [INFO] [20-storage.sh]   -> Añadiendo entrada a fstab...
[2026-03-16 01:03:02] [INFO] [utils.sh] Ejecutando: tee -a /etc/fstab
[2026-03-16 01:03:02] [INFO] [utils.sh] Ejecutando: tee -a /etc/fstab
  [DRY-RUN] tee -a /etc/fstab
[2026-03-16 01:03:02] [INFO] [20-storage.sh] Recargando sistema de archivos...
[2026-03-16 01:03:02] [INFO] [20-storage.sh] Recargando sistema de archivos...
[2026-03-16 01:03:02] [INFO] [utils.sh] Ejecutando: systemctl daemon-reload
[2026-03-16 01:03:02] [INFO] [utils.sh] Ejecutando: systemctl daemon-reload
  [DRY-RUN] systemctl daemon-reload
[2026-03-16 01:03:02] [INFO] [utils.sh] Ejecutando: mount -a
[2026-03-16 01:03:02] [INFO] [utils.sh] Ejecutando: mount -a
  [DRY-RUN] mount -a

--- Estandarización de Permisos (media:media) ---
--- Estandarización de Permisos (media:media) ---
[2026-03-16 01:03:02] [INFO] [utils.sh] Creando grupo media
[2026-03-16 01:03:02] [INFO] [utils.sh] Creando grupo media
  [DRY-RUN] groupadd media
[2026-03-16 01:03:02] [INFO] [utils.sh] Creando usuario sistema media
[2026-03-16 01:03:02] [INFO] [utils.sh] Creando usuario sistema media
  [DRY-RUN] useradd -r -s /bin/false -g media media
[2026-03-16 01:03:02] [INFO] [20-storage.sh] Creando directorio faltante: /media/WDElements/Series
[2026-03-16 01:03:02] [INFO] [20-storage.sh] Creando directorio faltante: /media/WDElements/Series
[2026-03-16 01:03:02] [INFO] [utils.sh] Ejecutando: mkdir -p /media/WDElements/Series
[2026-03-16 01:03:02] [INFO] [utils.sh] Ejecutando: mkdir -p /media/WDElements/Series
  [DRY-RUN] mkdir -p /media/WDElements/Series
[2026-03-16 01:03:02] [INFO] [20-storage.sh] Corrigiendo permisos en: /media/WDElements/Series
[2026-03-16 01:03:02] [INFO] [20-storage.sh] Corrigiendo permisos en: /media/WDElements/Series
[2026-03-16 01:03:02] [INFO] [utils.sh] Ejecutando: chown -R media:media /media/WDElements/Series
[2026-03-16 01:03:02] [INFO] [utils.sh] Ejecutando: chown -R media:media /media/WDElements/Series
  [DRY-RUN] chown -R media:media /media/WDElements/Series
[2026-03-16 01:03:02] [INFO] [utils.sh] Ejecutando: chmod -R 775 /media/WDElements/Series
[2026-03-16 01:03:02] [INFO] [utils.sh] Ejecutando: chmod -R 775 /media/WDElements/Series
  [DRY-RUN] chmod -R 775 /media/WDElements/Series
[2026-03-16 01:03:02] [INFO] [20-storage.sh] Creando directorio faltante: /media/WDElements/Peliculas
[2026-03-16 01:03:02] [INFO] [20-storage.sh] Creando directorio faltante: /media/WDElements/Peliculas
[2026-03-16 01:03:02] [INFO] [utils.sh] Ejecutando: mkdir -p /media/WDElements/Peliculas
[2026-03-16 01:03:02] [INFO] [utils.sh] Ejecutando: mkdir -p /media/WDElements/Peliculas
  [DRY-RUN] mkdir -p /media/WDElements/Peliculas
[2026-03-16 01:03:02] [INFO] [20-storage.sh] Corrigiendo permisos en: /media/WDElements/Peliculas
[2026-03-16 01:03:02] [INFO] [20-storage.sh] Corrigiendo permisos en: /media/WDElements/Peliculas
[2026-03-16 01:03:02] [INFO] [utils.sh] Ejecutando: chown -R media:media /media/WDElements/Peliculas
[2026-03-16 01:03:02] [INFO] [utils.sh] Ejecutando: chown -R media:media /media/WDElements/Peliculas
  [DRY-RUN] chown -R media:media /media/WDElements/Peliculas
[2026-03-16 01:03:02] [INFO] [utils.sh] Ejecutando: chmod -R 775 /media/WDElements/Peliculas
[2026-03-16 01:03:02] [INFO] [utils.sh] Ejecutando: chmod -R 775 /media/WDElements/Peliculas
  [DRY-RUN] chmod -R 775 /media/WDElements/Peliculas
[2026-03-16 01:03:02] [INFO] [20-storage.sh] Creando directorio faltante: /media/WDElements/Musica
[2026-03-16 01:03:02] [INFO] [20-storage.sh] Creando directorio faltante: /media/WDElements/Musica
[2026-03-16 01:03:02] [INFO] [utils.sh] Ejecutando: mkdir -p /media/WDElements/Musica
[2026-03-16 01:03:02] [INFO] [utils.sh] Ejecutando: mkdir -p /media/WDElements/Musica
  [DRY-RUN] mkdir -p /media/WDElements/Musica
[2026-03-16 01:03:02] [INFO] [20-storage.sh] Corrigiendo permisos en: /media/WDElements/Musica
[2026-03-16 01:03:02] [INFO] [20-storage.sh] Corrigiendo permisos en: /media/WDElements/Musica
[2026-03-16 01:03:02] [INFO] [utils.sh] Ejecutando: chown -R media:media /media/WDElements/Musica
[2026-03-16 01:03:02] [INFO] [utils.sh] Ejecutando: chown -R media:media /media/WDElements/Musica
  [DRY-RUN] chown -R media:media /media/WDElements/Musica
[2026-03-16 01:03:02] [INFO] [utils.sh] Ejecutando: chmod -R 775 /media/WDElements/Musica
[2026-03-16 01:03:02] [INFO] [utils.sh] Ejecutando: chmod -R 775 /media/WDElements/Musica
  [DRY-RUN] chmod -R 775 /media/WDElements/Musica
[2026-03-16 01:03:02] [INFO] [20-storage.sh] Creando directorio faltante: /media/WDElements/Libros
[2026-03-16 01:03:02] [INFO] [20-storage.sh] Creando directorio faltante: /media/WDElements/Libros
[2026-03-16 01:03:02] [INFO] [utils.sh] Ejecutando: mkdir -p /media/WDElements/Libros
[2026-03-16 01:03:02] [INFO] [utils.sh] Ejecutando: mkdir -p /media/WDElements/Libros
  [DRY-RUN] mkdir -p /media/WDElements/Libros
[2026-03-16 01:03:02] [INFO] [20-storage.sh] Corrigiendo permisos en: /media/WDElements/Libros
[2026-03-16 01:03:02] [INFO] [20-storage.sh] Corrigiendo permisos en: /media/WDElements/Libros
[2026-03-16 01:03:02] [INFO] [utils.sh] Ejecutando: chown -R media:media /media/WDElements/Libros
[2026-03-16 01:03:02] [INFO] [utils.sh] Ejecutando: chown -R media:media /media/WDElements/Libros
  [DRY-RUN] chown -R media:media /media/WDElements/Libros
[2026-03-16 01:03:02] [INFO] [utils.sh] Ejecutando: chmod -R 775 /media/WDElements/Libros
[2026-03-16 01:03:02] [INFO] [utils.sh] Ejecutando: chmod -R 775 /media/WDElements/Libros
  [DRY-RUN] chmod -R 775 /media/WDElements/Libros
[2026-03-16 01:03:02] [INFO] [20-storage.sh] Creando directorio faltante: /media/DiscoDuro/completo
[2026-03-16 01:03:02] [INFO] [20-storage.sh] Creando directorio faltante: /media/DiscoDuro/completo
[2026-03-16 01:03:02] [INFO] [utils.sh] Ejecutando: mkdir -p /media/DiscoDuro/completo
[2026-03-16 01:03:02] [INFO] [utils.sh] Ejecutando: mkdir -p /media/DiscoDuro/completo
  [DRY-RUN] mkdir -p /media/DiscoDuro/completo
[2026-03-16 01:03:02] [INFO] [20-storage.sh] Corrigiendo permisos en: /media/DiscoDuro/completo
[2026-03-16 01:03:02] [INFO] [20-storage.sh] Corrigiendo permisos en: /media/DiscoDuro/completo
[2026-03-16 01:03:02] [INFO] [utils.sh] Ejecutando: chown -R media:media /media/DiscoDuro/completo
[2026-03-16 01:03:02] [INFO] [utils.sh] Ejecutando: chown -R media:media /media/DiscoDuro/completo
  [DRY-RUN] chown -R media:media /media/DiscoDuro/completo
[2026-03-16 01:03:03] [INFO] [utils.sh] Ejecutando: chmod -R 775 /media/DiscoDuro/completo
[2026-03-16 01:03:03] [INFO] [utils.sh] Ejecutando: chmod -R 775 /media/DiscoDuro/completo
  [DRY-RUN] chmod -R 775 /media/DiscoDuro/completo
[2026-03-16 01:03:03] [OK] [20-storage.sh] Discos montados y estructura de carpetas configurada correctamente.
[2026-03-16 01:03:03] [OK] [20-storage.sh] Discos montados y estructura de carpetas configurada correctamente.
[2026-03-16 01:03:03] [OK] [install.sh] Etapa '20-storage' completada.
--- Etapa: firewall ---
[2026-03-16 01:03:03] [INFO] [firewall.sh] Subred detectada: 192.168.1.147/24
[2026-03-16 01:03:03] [INFO] [firewall.sh] Subred detectada: 192.168.1.147/24

--- Hardening de Red (Firewall UFW) ---
--- Hardening de Red (Firewall UFW) ---
[2026-03-16 01:03:03] [INFO] [firewall.sh] Estado previo: Reseteando reglas...
[2026-03-16 01:03:03] [INFO] [firewall.sh] Estado previo: Reseteando reglas...
[2026-03-16 01:03:03] [INFO] [utils.sh] Ejecutando: ufw --force reset > /dev/null
[2026-03-16 01:03:03] [INFO] [utils.sh] Ejecutando: ufw --force reset > /dev/null
  [DRY-RUN] ufw --force reset > /dev/null
[2026-03-16 01:03:03] [INFO] [firewall.sh] Política base: Cerrar todo, permitir salida.
[2026-03-16 01:03:03] [INFO] [firewall.sh] Política base: Cerrar todo, permitir salida.
[2026-03-16 01:03:03] [INFO] [utils.sh] Ejecutando: ufw default deny incoming
[2026-03-16 01:03:03] [INFO] [utils.sh] Ejecutando: ufw default deny incoming
  [DRY-RUN] ufw default deny incoming
[2026-03-16 01:03:03] [INFO] [utils.sh] Ejecutando: ufw default allow outgoing
[2026-03-16 01:03:03] [INFO] [utils.sh] Ejecutando: ufw default allow outgoing
  [DRY-RUN] ufw default allow outgoing

 -> Zona de Administración (SSH)
 -> Zona de Administración (SSH)
[2026-03-16 01:03:03] [INFO] [firewall.sh] Configurando SSH en puerto 22 (Restringido a LAN)...
[2026-03-16 01:03:03] [INFO] [firewall.sh] Configurando SSH en puerto 22 (Restringido a LAN)...
WARN: Se cambió una regla tras la normalización

 -> Zona Pública (P2P y Streaming)
 -> Zona Pública (P2P y Streaming)
[2026-03-16 01:03:03] [INFO] [firewall.sh] Configurando P2P (Transmission Peers)...
[2026-03-16 01:03:03] [INFO] [firewall.sh] Configurando P2P (Transmission Peers)...
[2026-03-16 01:03:03] [INFO] [utils.sh] Ejecutando: ufw allow 51413/tcp comment 'Torrent Peer TCP'
[2026-03-16 01:03:03] [INFO] [utils.sh] Ejecutando: ufw allow 51413/tcp comment 'Torrent Peer TCP'
  [DRY-RUN] ufw allow 51413/tcp comment 'Torrent Peer TCP'
[2026-03-16 01:03:03] [INFO] [utils.sh] Ejecutando: ufw allow 51413/udp comment 'Torrent Peer UDP'
[2026-03-16 01:03:03] [INFO] [utils.sh] Ejecutando: ufw allow 51413/udp comment 'Torrent Peer UDP'
  [DRY-RUN] ufw allow 51413/udp comment 'Torrent Peer UDP'
[2026-03-16 01:03:03] [INFO] [firewall.sh] Configurando Plex Streaming...
[2026-03-16 01:03:03] [INFO] [firewall.sh] Configurando Plex Streaming...
[2026-03-16 01:03:03] [INFO] [utils.sh] Ejecutando: ufw allow 32400/tcp comment 'Plex Main'
[2026-03-16 01:03:03] [INFO] [utils.sh] Ejecutando: ufw allow 32400/tcp comment 'Plex Main'
  [DRY-RUN] ufw allow 32400/tcp comment 'Plex Main'
[2026-03-16 01:03:03] [INFO] [utils.sh] Ejecutando: ufw allow 4662/tcp comment 'eD2k TCP (Global)'
[2026-03-16 01:03:03] [INFO] [utils.sh] Ejecutando: ufw allow 4662/tcp comment 'eD2k TCP (Global)'
  [DRY-RUN] ufw allow 4662/tcp comment 'eD2k TCP (Global)'
[2026-03-16 01:03:03] [INFO] [utils.sh] Ejecutando: ufw allow 4672/udp comment 'Kademlia UDP (Global)'
[2026-03-16 01:03:03] [INFO] [utils.sh] Ejecutando: ufw allow 4672/udp comment 'Kademlia UDP (Global)'
  [DRY-RUN] ufw allow 4672/udp comment 'Kademlia UDP (Global)'

 -> Zona Privada (Solo LAN/VPN)
 -> Zona Privada (Solo LAN/VPN)
[2026-03-16 01:03:03] [INFO] [firewall.sh]   -> Abriendo 10000/tcp solo para LAN (Webmin Admin)...
[2026-03-16 01:03:03] [INFO] [firewall.sh]   -> Abriendo 10000/tcp solo para LAN (Webmin Admin)...
WARN: Se cambió una regla tras la normalización
[2026-03-16 01:03:04] [INFO] [firewall.sh]   -> Configurando Samba y Rsync (LAN)...
[2026-03-16 01:03:04] [INFO] [firewall.sh]   -> Configurando Samba y Rsync (LAN)...
[2026-03-16 01:03:04] [INFO] [utils.sh] Ejecutando: ufw allow from 192.168.1.147/24 to any port 137,138 proto udp comment 'Samba UDP (LAN)'
[2026-03-16 01:03:04] [INFO] [utils.sh] Ejecutando: ufw allow from 192.168.1.147/24 to any port 137,138 proto udp comment 'Samba UDP (LAN)'
  [DRY-RUN] ufw allow from 192.168.1.147/24 to any port 137,138 proto udp comment 'Samba UDP (LAN)'
[2026-03-16 01:03:04] [INFO] [utils.sh] Ejecutando: ufw allow from 192.168.1.147/24 to any port 139,445 proto tcp comment 'Samba TCP (LAN)'
[2026-03-16 01:03:04] [INFO] [utils.sh] Ejecutando: ufw allow from 192.168.1.147/24 to any port 139,445 proto tcp comment 'Samba TCP (LAN)'
  [DRY-RUN] ufw allow from 192.168.1.147/24 to any port 139,445 proto tcp comment 'Samba TCP (LAN)'
[2026-03-16 01:03:04] [INFO] [utils.sh] Ejecutando: ufw allow from 192.168.1.147/24 to any port 873 proto tcp comment 'Rsync Backup (LAN)'
[2026-03-16 01:03:04] [INFO] [utils.sh] Ejecutando: ufw allow from 192.168.1.147/24 to any port 873 proto tcp comment 'Rsync Backup (LAN)'
  [DRY-RUN] ufw allow from 192.168.1.147/24 to any port 873 proto tcp comment 'Rsync Backup (LAN)'
[2026-03-16 01:03:04] [INFO] [utils.sh] Ejecutando: ufw allow from 10.0.0.0/8 to any port 137,138 proto udp comment 'Samba UDP (LAN)'
[2026-03-16 01:03:04] [INFO] [utils.sh] Ejecutando: ufw allow from 10.0.0.0/8 to any port 137,138 proto udp comment 'Samba UDP (LAN)'
  [DRY-RUN] ufw allow from 10.0.0.0/8 to any port 137,138 proto udp comment 'Samba UDP (LAN)'
[2026-03-16 01:03:04] [INFO] [utils.sh] Ejecutando: ufw allow from 10.0.0.0/8 to any port 139,445 proto tcp comment 'Samba TCP (LAN)'
[2026-03-16 01:03:04] [INFO] [utils.sh] Ejecutando: ufw allow from 10.0.0.0/8 to any port 139,445 proto tcp comment 'Samba TCP (LAN)'
  [DRY-RUN] ufw allow from 10.0.0.0/8 to any port 139,445 proto tcp comment 'Samba TCP (LAN)'
[2026-03-16 01:03:04] [INFO] [utils.sh] Ejecutando: ufw allow from 10.0.0.0/8 to any port 873 proto tcp comment 'Rsync Backup (LAN)'
[2026-03-16 01:03:04] [INFO] [utils.sh] Ejecutando: ufw allow from 10.0.0.0/8 to any port 873 proto tcp comment 'Rsync Backup (LAN)'
  [DRY-RUN] ufw allow from 10.0.0.0/8 to any port 873 proto tcp comment 'Rsync Backup (LAN)'
[2026-03-16 01:03:04] [INFO] [utils.sh] Ejecutando: ufw allow from 100.64.0.0/10 to any port 137,138 proto udp comment 'Samba UDP (LAN)'
[2026-03-16 01:03:04] [INFO] [utils.sh] Ejecutando: ufw allow from 100.64.0.0/10 to any port 137,138 proto udp comment 'Samba UDP (LAN)'
  [DRY-RUN] ufw allow from 100.64.0.0/10 to any port 137,138 proto udp comment 'Samba UDP (LAN)'
[2026-03-16 01:03:04] [INFO] [utils.sh] Ejecutando: ufw allow from 100.64.0.0/10 to any port 139,445 proto tcp comment 'Samba TCP (LAN)'
[2026-03-16 01:03:04] [INFO] [utils.sh] Ejecutando: ufw allow from 100.64.0.0/10 to any port 139,445 proto tcp comment 'Samba TCP (LAN)'
  [DRY-RUN] ufw allow from 100.64.0.0/10 to any port 139,445 proto tcp comment 'Samba TCP (LAN)'
[2026-03-16 01:03:04] [INFO] [utils.sh] Ejecutando: ufw allow from 100.64.0.0/10 to any port 873 proto tcp comment 'Rsync Backup (LAN)'
[2026-03-16 01:03:04] [INFO] [utils.sh] Ejecutando: ufw allow from 100.64.0.0/10 to any port 873 proto tcp comment 'Rsync Backup (LAN)'
  [DRY-RUN] ufw allow from 100.64.0.0/10 to any port 873 proto tcp comment 'Rsync Backup (LAN)'
[2026-03-16 01:03:04] [INFO] [firewall.sh]   -> Abriendo 9091/tcp solo para LAN (Transmission Web UI)...
[2026-03-16 01:03:04] [INFO] [firewall.sh]   -> Abriendo 9091/tcp solo para LAN (Transmission Web UI)...
WARN: Se cambió una regla tras la normalización
[2026-03-16 01:03:05] [INFO] [firewall.sh]   -> Abriendo 4711/tcp solo para LAN (aMule Web UI)...
[2026-03-16 01:03:05] [INFO] [firewall.sh]   -> Abriendo 4711/tcp solo para LAN (aMule Web UI)...
WARN: Se cambió una regla tras la normalización
[2026-03-16 01:03:06] [INFO] [firewall.sh]   -> Abriendo 6767/tcp solo para LAN (Bazarr UI)...
[2026-03-16 01:03:06] [INFO] [firewall.sh]   -> Abriendo 6767/tcp solo para LAN (Bazarr UI)...
WARN: Se cambió una regla tras la normalización
[2026-03-16 01:03:06] [INFO] [firewall.sh]   -> Abriendo 8080/tcp solo para LAN (Calibre Server)...
[2026-03-16 01:03:06] [INFO] [firewall.sh]   -> Abriendo 8080/tcp solo para LAN (Calibre Server)...
WARN: Se cambió una regla tras la normalización
[2026-03-16 01:03:07] [INFO] [firewall.sh]   -> Abriendo 8989/tcp solo para LAN (Sonarr)...
[2026-03-16 01:03:07] [INFO] [firewall.sh]   -> Abriendo 8989/tcp solo para LAN (Sonarr)...
WARN: Se cambió una regla tras la normalización
[2026-03-16 01:03:08] [INFO] [firewall.sh]   -> Abriendo 7878/tcp solo para LAN (Radarr)...
[2026-03-16 01:03:08] [INFO] [firewall.sh]   -> Abriendo 7878/tcp solo para LAN (Radarr)...
WARN: Se cambió una regla tras la normalización
[2026-03-16 01:03:08] [INFO] [firewall.sh]   -> Abriendo 8686/tcp solo para LAN (Lidarr)...
[2026-03-16 01:03:08] [INFO] [firewall.sh]   -> Abriendo 8686/tcp solo para LAN (Lidarr)...
WARN: Se cambió una regla tras la normalización
[2026-03-16 01:03:09] [INFO] [firewall.sh]   -> Abriendo 8787/tcp solo para LAN (Readarr)...
[2026-03-16 01:03:09] [INFO] [firewall.sh]   -> Abriendo 8787/tcp solo para LAN (Readarr)...
WARN: Se cambió una regla tras la normalización
[2026-03-16 01:03:10] [INFO] [firewall.sh]   -> Abriendo 9696/tcp solo para LAN (Prowlarr)...
[2026-03-16 01:03:10] [INFO] [firewall.sh]   -> Abriendo 9696/tcp solo para LAN (Prowlarr)...
WARN: Se cambió una regla tras la normalización
[2026-03-16 01:03:10] [INFO] [firewall.sh]   -> Abriendo 6969/tcp solo para LAN (Whisparr)...
[2026-03-16 01:03:10] [INFO] [firewall.sh]   -> Abriendo 6969/tcp solo para LAN (Whisparr)...
WARN: Se cambió una regla tras la normalización
[2026-03-16 01:03:11] [INFO] [firewall.sh]   -> Abriendo 3389/tcp solo para LAN (XRDP)...
[2026-03-16 01:03:11] [INFO] [firewall.sh]   -> Abriendo 3389/tcp solo para LAN (XRDP)...
WARN: Se cambió una regla tras la normalización
[2026-03-16 01:03:12] [INFO] [firewall.sh]   -> Abriendo 5900/tcp solo para LAN (VNC)...
[2026-03-16 01:03:12] [INFO] [firewall.sh]   -> Abriendo 5900/tcp solo para LAN (VNC)...
WARN: Se cambió una regla tras la normalización

 -> Activación
 -> Activación
[2026-03-16 01:03:12] [INFO] [firewall.sh] Configurando logging explícito (Low)...
[2026-03-16 01:03:12] [INFO] [firewall.sh] Configurando logging explícito (Low)...
[2026-03-16 01:03:12] [INFO] [utils.sh] Ejecutando: ufw logging low
[2026-03-16 01:03:12] [INFO] [utils.sh] Ejecutando: ufw logging low
  [DRY-RUN] ufw logging low
[2026-03-16 01:03:12] [WARN] [firewall.sh] IMPORTANTE: Si estás conectado por SSH desde fuera de tu red local, esta acción cortará la conexión.
[2026-03-16 01:03:12] [WARN] [firewall.sh] IMPORTANTE: Si estás conectado por SSH desde fuera de tu red local, esta acción cortará la conexión.
[2026-03-16 01:03:12] [INFO] [firewall.sh] Activando firewall...
[2026-03-16 01:03:12] [INFO] [firewall.sh] Activando firewall...
[2026-03-16 01:03:12] [INFO] [utils.sh] Ejecutando: ufw --force enable
[2026-03-16 01:03:12] [INFO] [utils.sh] Ejecutando: ufw --force enable
  [DRY-RUN] ufw --force enable
[2026-03-16 01:03:12] [INFO] [utils.sh] Ejecutando: ufw reload
[2026-03-16 01:03:12] [INFO] [utils.sh] Ejecutando: ufw reload
  [DRY-RUN] ufw reload

[2026-03-16 01:03:12] [OK] [firewall.sh] Firewall 'LAN-Hardened' activo.
[2026-03-16 01:03:12] [OK] [firewall.sh] Firewall 'LAN-Hardened' activo.
---------------------------------------------------------
[2026-03-16 01:03:12] [INFO] [utils.sh] Ejecutando: ufw status numbered | head -n 20
[2026-03-16 01:03:12] [INFO] [utils.sh] Ejecutando: ufw status numbered | head -n 20
  [DRY-RUN] ufw status numbered | head -n 20
... (ver lista completa con 'sudo ufw status')
---------------------------------------------------------
[2026-03-16 01:03:12] [OK] [install.sh] Etapa 'firewall' completada.
--- Etapa: 10-xrdp ---

--- Configuración de Acceso Remoto (XRDP) ---
--- Configuración de Acceso Remoto (XRDP) ---
[2026-03-16 01:03:13] [INFO] [10-xrdp.sh] Instalando paquete xrdp...
[2026-03-16 01:03:13] [INFO] [10-xrdp.sh] Instalando paquete xrdp...
[2026-03-16 01:03:13] [INFO] [utils.sh] Instalación de binarios
[2026-03-16 01:03:13] [INFO] [utils.sh] Instalación de binarios
  [DRY-RUN] apt-get install -y xrdp
[2026-03-16 01:03:13] [INFO] [10-xrdp.sh] Aplicando corrección de permisos SSL (xrdp -> ssl-cert)...
[2026-03-16 01:03:13] [INFO] [10-xrdp.sh] Aplicando corrección de permisos SSL (xrdp -> ssl-cert)...
id: «xrdp»: no existe ese usuario
[2026-03-16 01:03:13] [INFO] [utils.sh] Añadiendo usuario xrdp al grupo ssl-cert
[2026-03-16 01:03:13] [INFO] [utils.sh] Añadiendo usuario xrdp al grupo ssl-cert
  [DRY-RUN] adduser xrdp ssl-cert
[2026-03-16 01:03:13] [INFO] [utils.sh] Reiniciando servicio
[2026-03-16 01:03:13] [INFO] [utils.sh] Reiniciando servicio
  [DRY-RUN] systemctl restart xrdp
[2026-03-16 01:03:13] [INFO] [utils.sh] Habilitando inicio automático
[2026-03-16 01:03:13] [INFO] [utils.sh] Habilitando inicio automático
  [DRY-RUN] systemctl enable xrdp
[2026-03-16 01:03:13] [OK] [10-xrdp.sh] Escritorio remoto instalado.
[2026-03-16 01:03:13] [OK] [10-xrdp.sh] Escritorio remoto instalado.
[2026-03-16 01:03:13] [INFO] [10-xrdp.sh] Conéctate usando 'Escritorio Remoto de Windows' a: 192.168.1.147
[2026-03-16 01:03:13] [INFO] [10-xrdp.sh] Conéctate usando 'Escritorio Remoto de Windows' a: 192.168.1.147
[2026-03-16 01:03:13] [INFO] [10-xrdp.sh] Usuario: pi
[2026-03-16 01:03:13] [INFO] [10-xrdp.sh] Usuario: pi
[2026-03-16 01:03:13] [INFO] [10-xrdp.sh] Contraseña: (Tu contraseña de sistema)
[2026-03-16 01:03:13] [INFO] [10-xrdp.sh] Contraseña: (Tu contraseña de sistema)
[2026-03-16 01:03:13] [OK] [install.sh] Etapa '10-xrdp' completada.
--- Etapa: 20-vnc ---

--- Configuración de VNC (RealVNC) ---
--- Configuración de VNC (RealVNC) ---
[2026-03-16 01:03:13] [ERROR] [20-vnc.sh] No se encontró config.txt en /boot ni /boot/firmware. ¿Es Raspberry Pi OS?
[2026-03-16 01:03:13] [ERROR] [20-vnc.sh] No se encontró config.txt en /boot ni /boot/firmware. ¿Es Raspberry Pi OS?
[2026-03-16 01:03:13] [ERROR] [install.sh] FALLO CRÍTICO en etapa '20-vnc' (Exit Code: 1).
[2026-03-16 01:03:13] [ERROR] [install.sh] Revisa el log: /mnt/Datos/Documentos/Repos/confiraspa V2/logs/install_20260316_010301.log
