
=== Iniciando Confiraspa Framework v2.3 ===
[2026-03-16 00:36:02] [INFO] [install.sh] IP Detectada: 192.168.1.147
[2026-03-16 00:36:02] [INFO] [install.sh] Log de sesión: /mnt/Datos/Documentos/Repos/confiraspa V2/logs/install_20260316_003601.log
--- Etapa: 00-update ---

--- Actualización del Sistema y Parches de Seguridad ---
--- Actualización del Sistema y Parches de Seguridad ---
[2026-03-16 00:36:02] [INFO] [00-update.sh] Actualizando repositorios y paquetes del sistema...
[2026-03-16 00:36:02] [INFO] [00-update.sh] Actualizando repositorios y paquetes del sistema...
[2026-03-16 00:36:02] [INFO] [utils.sh] Actualizando lista de paquetes
[2026-03-16 00:36:02] [INFO] [utils.sh] Actualizando lista de paquetes
  [DRY-RUN] apt-get update -qq
[2026-03-16 00:36:02] [INFO] [utils.sh] Aplicando actualizaciones pendientes
[2026-03-16 00:36:02] [INFO] [utils.sh] Aplicando actualizaciones pendientes
  [DRY-RUN] apt-get upgrade -y -qq -o Dpkg::Options::=--force-confdef -o Dpkg::Options::=--force-confold
[2026-03-16 00:36:02] [INFO] [utils.sh] Aplicando actualizaciones de distribución
[2026-03-16 00:36:02] [INFO] [utils.sh] Aplicando actualizaciones de distribución
  [DRY-RUN] apt-get dist-upgrade -y -qq -o Dpkg::Options::=--force-confdef -o Dpkg::Options::=--force-confold
[2026-03-16 00:36:02] [INFO] [utils.sh] Eliminando dependencias huérfanas
[2026-03-16 00:36:02] [INFO] [utils.sh] Eliminando dependencias huérfanas
  [DRY-RUN] apt-get autoremove -y
[2026-03-16 00:36:02] [INFO] [utils.sh] Limpiando caché de apt
[2026-03-16 00:36:02] [INFO] [utils.sh] Limpiando caché de apt
  [DRY-RUN] apt-get clean
[2026-03-16 00:36:02] [INFO] [00-update.sh] Configurando actualizaciones automáticas de seguridad...
[2026-03-16 00:36:02] [INFO] [00-update.sh] Configurando actualizaciones automáticas de seguridad...
[2026-03-16 00:36:02] [INFO] [utils.sh] Actualizando índices de APT (Lazy Update)...
[2026-03-16 00:36:02] [INFO] [utils.sh] Actualizando índices de APT (Lazy Update)...
/mnt/Datos/Documentos/Repos/confiraspa V2/lib/utils.sh: línea 162: $2: variable sin asignar
[2026-03-16 00:36:02] [ERROR] [install.sh] FALLO CRÍTICO en etapa '00-update' (Exit Code: 1).
[2026-03-16 00:36:02] [ERROR] [install.sh] Revisa el log: /mnt/Datos/Documentos/Repos/confiraspa V2/logs/install_20260316_003601.log
